==224== Memcheck, a memory error detector
==224== Copyright (C) 2002-2017, and GNU GPL'd, by Julian Seward et al.
==224== Using Valgrind-3.15.0-608cb11914-20190413 and LibVEX; rerun with -h for copyright info
==224== Command: ./build/alfred
==224== Parent PID: 223
==224== 
--224-- 
--224-- Valgrind options:
--224--    --leak-check=full
--224--    --show-leak-kinds=all
--224--    --track-origins=yes
--224--    --verbose
--224--    --log-file=log/valgrind.log
--224-- Contents of /proc/version:
--224--   Linux version 4.19.128-microsoft-standard (oe-user@oe-host) (gcc version 8.2.0 (GCC)) #1 SMP Tue Jun 23 12:58:10 UTC 2020
--224-- 
--224-- Arch and hwcaps: AMD64, LittleEndian, amd64-cx16-lzcnt-rdtscp-sse3-ssse3-avx-avx2-bmi-f16c-rdrand
--224-- Page sizes: currently 4096, max supported 4096
--224-- Valgrind library directory: /usr/lib/x86_64-linux-gnu/valgrind
--224-- Reading syms from /home/async/alfred/build/alfred
--224-- Reading syms from /usr/lib/x86_64-linux-gnu/ld-2.31.so
--224--   Considering /usr/lib/x86_64-linux-gnu/ld-2.31.so ..
--224--   .. CRC mismatch (computed 6cded93a wanted 1af57820)
--224--   Considering /lib/x86_64-linux-gnu/ld-2.31.so ..
--224--   .. CRC mismatch (computed 6cded93a wanted 1af57820)
--224--   Considering /usr/lib/debug/lib/x86_64-linux-gnu/ld-2.31.so ..
--224--   .. CRC is valid
--224-- Reading syms from /usr/lib/x86_64-linux-gnu/valgrind/memcheck-amd64-linux
--224--    object doesn't have a symbol table
--224--    object doesn't have a dynamic symbol table
--224-- Scheduler: using generic scheduler lock implementation.
--224-- Reading suppressions file: /usr/lib/x86_64-linux-gnu/valgrind/default.supp
==224== embedded gdbserver: reading from /tmp/vgdb-pipe-from-vgdb-to-224-by-async-on-???
==224== embedded gdbserver: writing to   /tmp/vgdb-pipe-to-vgdb-from-224-by-async-on-???
==224== embedded gdbserver: shared mem   /tmp/vgdb-pipe-shared-mem-vgdb-224-by-async-on-???
==224== 
==224== TO CONTROL THIS PROCESS USING vgdb (which you probably
==224== don't want to do, unless you know exactly what you're doing,
==224== or are doing some strange experiment):
==224==   /usr/lib/x86_64-linux-gnu/valgrind/../../bin/vgdb --pid=224 ...command...
==224== 
==224== TO DEBUG THIS PROCESS USING GDB: start GDB like this
==224==   /path/to/gdb ./build/alfred
==224== and then give GDB the following command
==224==   target remote | /usr/lib/x86_64-linux-gnu/valgrind/../../bin/vgdb --pid=224
==224== --pid is optional if only one valgrind process is running
==224== 
--224-- REDIR: 0x4022d80 (ld-linux-x86-64.so.2:strlen) redirected to 0x580c9ce2 (???)
--224-- REDIR: 0x4022b50 (ld-linux-x86-64.so.2:index) redirected to 0x580c9cfc (???)
--224-- Reading syms from /usr/lib/x86_64-linux-gnu/valgrind/vgpreload_core-amd64-linux.so
--224--    object doesn't have a symbol table
--224-- Reading syms from /usr/lib/x86_64-linux-gnu/valgrind/vgpreload_memcheck-amd64-linux.so
--224--    object doesn't have a symbol table
==224== WARNING: new redirection conflicts with existing -- ignoring it
--224--     old: 0x04022d80 (strlen              ) R-> (0000.0) 0x580c9ce2 ???
--224--     new: 0x04022d80 (strlen              ) R-> (2007.0) 0x0483f060 strlen
--224-- REDIR: 0x401f560 (ld-linux-x86-64.so.2:strcmp) redirected to 0x483ffd0 (strcmp)
--224-- REDIR: 0x40232e0 (ld-linux-x86-64.so.2:mempcpy) redirected to 0x4843a20 (mempcpy)
--224-- Reading syms from /usr/lib/x86_64-linux-gnu/libc-2.31.so
--224--   Considering /usr/lib/x86_64-linux-gnu/libc-2.31.so ..
--224--   .. CRC mismatch (computed cd1655d1 wanted 09373696)
--224--   Considering /lib/x86_64-linux-gnu/libc-2.31.so ..
--224--   .. CRC mismatch (computed cd1655d1 wanted 09373696)
--224--   Considering /usr/lib/debug/lib/x86_64-linux-gnu/libc-2.31.so ..
--224--   .. CRC is valid
--224-- REDIR: 0x48f7600 (libc.so.6:memmove) redirected to 0x48311d0 (_vgnU_ifunc_wrapper)
--224-- REDIR: 0x48f6900 (libc.so.6:strncpy) redirected to 0x48311d0 (_vgnU_ifunc_wrapper)
--224-- REDIR: 0x48f7930 (libc.so.6:strcasecmp) redirected to 0x48311d0 (_vgnU_ifunc_wrapper)
--224-- REDIR: 0x48f6220 (libc.so.6:strcat) redirected to 0x48311d0 (_vgnU_ifunc_wrapper)
--224-- REDIR: 0x48f6960 (libc.so.6:rindex) redirected to 0x48311d0 (_vgnU_ifunc_wrapper)
--224-- REDIR: 0x48f8dd0 (libc.so.6:rawmemchr) redirected to 0x48311d0 (_vgnU_ifunc_wrapper)
--224-- REDIR: 0x4913e60 (libc.so.6:wmemchr) redirected to 0x48311d0 (_vgnU_ifunc_wrapper)
--224-- REDIR: 0x49139a0 (libc.so.6:wcscmp) redirected to 0x48311d0 (_vgnU_ifunc_wrapper)
--224-- REDIR: 0x48f7760 (libc.so.6:mempcpy) redirected to 0x48311d0 (_vgnU_ifunc_wrapper)
--224-- REDIR: 0x48f7590 (libc.so.6:bcmp) redirected to 0x48311d0 (_vgnU_ifunc_wrapper)
--224-- REDIR: 0x48f6890 (libc.so.6:strncmp) redirected to 0x48311d0 (_vgnU_ifunc_wrapper)
--224-- REDIR: 0x48f62d0 (libc.so.6:strcmp) redirected to 0x48311d0 (_vgnU_ifunc_wrapper)
--224-- REDIR: 0x48f76c0 (libc.so.6:memset) redirected to 0x48311d0 (_vgnU_ifunc_wrapper)
--224-- REDIR: 0x4913960 (libc.so.6:wcschr) redirected to 0x48311d0 (_vgnU_ifunc_wrapper)
--224-- REDIR: 0x48f67f0 (libc.so.6:strnlen) redirected to 0x48311d0 (_vgnU_ifunc_wrapper)
--224-- REDIR: 0x48f63b0 (libc.so.6:strcspn) redirected to 0x48311d0 (_vgnU_ifunc_wrapper)
--224-- REDIR: 0x48f7980 (libc.so.6:strncasecmp) redirected to 0x48311d0 (_vgnU_ifunc_wrapper)
--224-- REDIR: 0x48f6350 (libc.so.6:strcpy) redirected to 0x48311d0 (_vgnU_ifunc_wrapper)
--224-- REDIR: 0x48f7ad0 (libc.so.6:memcpy@@GLIBC_2.14) redirected to 0x48311d0 (_vgnU_ifunc_wrapper)
--224-- REDIR: 0x49150d0 (libc.so.6:wcsnlen) redirected to 0x48311d0 (_vgnU_ifunc_wrapper)
--224-- REDIR: 0x49139e0 (libc.so.6:wcscpy) redirected to 0x48311d0 (_vgnU_ifunc_wrapper)
--224-- REDIR: 0x48f69a0 (libc.so.6:strpbrk) redirected to 0x48311d0 (_vgnU_ifunc_wrapper)
--224-- REDIR: 0x48f6280 (libc.so.6:index) redirected to 0x48311d0 (_vgnU_ifunc_wrapper)
--224-- REDIR: 0x48f67b0 (libc.so.6:strlen) redirected to 0x48311d0 (_vgnU_ifunc_wrapper)
--224-- REDIR: 0x48ffd20 (libc.so.6:memrchr) redirected to 0x48311d0 (_vgnU_ifunc_wrapper)
--224-- REDIR: 0x48f79d0 (libc.so.6:strcasecmp_l) redirected to 0x48311d0 (_vgnU_ifunc_wrapper)
--224-- REDIR: 0x48f7550 (libc.so.6:memchr) redirected to 0x48311d0 (_vgnU_ifunc_wrapper)
--224-- REDIR: 0x4913ab0 (libc.so.6:wcslen) redirected to 0x48311d0 (_vgnU_ifunc_wrapper)
--224-- REDIR: 0x48f6c60 (libc.so.6:strspn) redirected to 0x48311d0 (_vgnU_ifunc_wrapper)
--224-- REDIR: 0x48f78d0 (libc.so.6:stpncpy) redirected to 0x48311d0 (_vgnU_ifunc_wrapper)
--224-- REDIR: 0x48f7870 (libc.so.6:stpcpy) redirected to 0x48311d0 (_vgnU_ifunc_wrapper)
--224-- REDIR: 0x48f8e10 (libc.so.6:strchrnul) redirected to 0x48311d0 (_vgnU_ifunc_wrapper)
--224-- REDIR: 0x48f7a20 (libc.so.6:strncasecmp_l) redirected to 0x48311d0 (_vgnU_ifunc_wrapper)
--224-- REDIR: 0x49df490 (libc.so.6:__strrchr_avx2) redirected to 0x483ea10 (rindex)
--224-- REDIR: 0x48f1260 (libc.so.6:malloc) redirected to 0x483b780 (malloc)
--224-- REDIR: 0x49df2a0 (libc.so.6:__strchrnul_avx2) redirected to 0x4843540 (strchrnul)
==224== Invalid write of size 1
==224==    at 0x48BC3D1: __vfscanf_internal (vfscanf-internal.c:1100)
==224==    by 0x48BA2E1: __isoc99_scanf (isoc99_scanf.c:30)
==224==    by 0x1093A6: main (alfred.c:16)
==224==  Address 0x4a49042 is 0 bytes after a block of size 2 alloc'd
==224==    at 0x483B7F3: malloc (in /usr/lib/x86_64-linux-gnu/valgrind/vgpreload_memcheck-amd64-linux.so)
==224==    by 0x109365: main (alfred.c:9)
==224== 
==224== Invalid write of size 1
==224==    at 0x48BD092: __vfscanf_internal (vfscanf-internal.c:1185)
==224==    by 0x48BA2E1: __isoc99_scanf (isoc99_scanf.c:30)
==224==    by 0x1093A6: main (alfred.c:16)
==224==  Address 0x4a49045 is 3 bytes after a block of size 2 alloc'd
==224==    at 0x483B7F3: malloc (in /usr/lib/x86_64-linux-gnu/valgrind/vgpreload_memcheck-amd64-linux.so)
==224==    by 0x109365: main (alfred.c:9)
==224== 
==224== Syscall param openat(filename) points to unaddressable byte(s)
==224==    at 0x4964EAB: open (open64.c:48)
==224==    by 0x48E7195: _IO_file_open (fileops.c:189)
==224==    by 0x48E7459: _IO_file_fopen@@GLIBC_2.2.5 (fileops.c:281)
==224==    by 0x48D9B0D: __fopen_internal (iofopen.c:75)
==224==    by 0x48D9B0D: fopen@@GLIBC_2.2.5 (iofopen.c:86)
==224==    by 0x109464: alfred_open (alfred_stream.c:6)
==224==    by 0x1093E6: main (alfred.c:26)
==224==  Address 0x4a49042 is 0 bytes after a block of size 2 alloc'd
==224==    at 0x483B7F3: malloc (in /usr/lib/x86_64-linux-gnu/valgrind/vgpreload_memcheck-amd64-linux.so)
==224==    by 0x109365: main (alfred.c:9)
==224== 
--224-- REDIR: 0x48f7120 (libc.so.6:__GI_strstr) redirected to 0x4843ca0 (__strstr_sse2)
--224-- REDIR: 0x49df660 (libc.so.6:__strlen_avx2) redirected to 0x483ef40 (strlen)
==224== Conditional jump or move depends on uninitialised value(s)
==224==    at 0x483EF58: strlen (in /usr/lib/x86_64-linux-gnu/valgrind/vgpreload_memcheck-amd64-linux.so)
==224==    by 0x48DB5B3: puts (ioputs.c:35)
==224==    by 0x109406: main (alfred.c:28)
==224==  Uninitialised value was created by a heap allocation
==224==    at 0x483B7F3: malloc (in /usr/lib/x86_64-linux-gnu/valgrind/vgpreload_memcheck-amd64-linux.so)
==224==    by 0x10950B: alfred_read (alfred_stream.c:36)
==224==    by 0x1093F6: main (alfred.c:27)
==224== 
--224-- REDIR: 0x49e2650 (libc.so.6:__mempcpy_avx_unaligned_erms) redirected to 0x4843660 (mempcpy)
==224== Conditional jump or move depends on uninitialised value(s)
==224==    at 0x1095AD: alfred_fit (alfred_string.c:14)
==224==    by 0x109412: main (alfred.c:30)
==224==  Uninitialised value was created by a heap allocation
==224==    at 0x483B7F3: malloc (in /usr/lib/x86_64-linux-gnu/valgrind/vgpreload_memcheck-amd64-linux.so)
==224==    by 0x10950B: alfred_read (alfred_stream.c:36)
==224==    by 0x1093F6: main (alfred.c:27)
==224== 
==224== Conditional jump or move depends on uninitialised value(s)
==224==    at 0x1095B8: alfred_fit (alfred_string.c:14)
==224==    by 0x109412: main (alfred.c:30)
==224==  Uninitialised value was created by a heap allocation
==224==    at 0x483B7F3: malloc (in /usr/lib/x86_64-linux-gnu/valgrind/vgpreload_memcheck-amd64-linux.so)
==224==    by 0x10950B: alfred_read (alfred_stream.c:36)
==224==    by 0x1093F6: main (alfred.c:27)
==224== 
==224== Conditional jump or move depends on uninitialised value(s)
==224==    at 0x1095DC: alfred_fit (alfred_string.c:17)
==224==    by 0x109412: main (alfred.c:30)
==224==  Uninitialised value was created by a heap allocation
==224==    at 0x483B7F3: malloc (in /usr/lib/x86_64-linux-gnu/valgrind/vgpreload_memcheck-amd64-linux.so)
==224==    by 0x10950B: alfred_read (alfred_stream.c:36)
==224==    by 0x1093F6: main (alfred.c:27)
==224== 
==224== Conditional jump or move depends on uninitialised value(s)
==224==    at 0x483EF58: strlen (in /usr/lib/x86_64-linux-gnu/valgrind/vgpreload_memcheck-amd64-linux.so)
==224==    by 0x109586: alfred_length (alfred_string.c:6)
==224==    by 0x109CAC: alfred_parse (alfred_tokenize.c:88)
==224==    by 0x10941E: main (alfred.c:31)
==224==  Uninitialised value was created by a heap allocation
==224==    at 0x483B7F3: malloc (in /usr/lib/x86_64-linux-gnu/valgrind/vgpreload_memcheck-amd64-linux.so)
==224==    by 0x10950B: alfred_read (alfred_stream.c:36)
==224==    by 0x1093F6: main (alfred.c:27)
==224== 
--224-- REDIR: 0x49e0ba0 (libc.so.6:__strcpy_avx2) redirected to 0x483f090 (strcpy)
==224== Conditional jump or move depends on uninitialised value(s)
==224==    at 0x483F0A2: strcpy (in /usr/lib/x86_64-linux-gnu/valgrind/vgpreload_memcheck-amd64-linux.so)
==224==    by 0x1096FB: alfred_append (alfred_string.c:46)
==224==    by 0x109919: s_alfred_addchar (alfred_tokenize.c:76)
==224==    by 0x1099A2: alfred_parse (alfred_tokenize.c:93)
==224==    by 0x10941E: main (alfred.c:31)
==224==  Uninitialised value was created by a heap allocation
==224==    at 0x483B7F3: malloc (in /usr/lib/x86_64-linux-gnu/valgrind/vgpreload_memcheck-amd64-linux.so)
==224==    by 0x109945: alfred_parse (alfred_tokenize.c:81)
==224==    by 0x10941E: main (alfred.c:31)
==224== 
--224-- REDIR: 0x49dfb20 (libc.so.6:__strcat_avx2) redirected to 0x483ec20 (strcat)
==224== Conditional jump or move depends on uninitialised value(s)
==224==    at 0x483EC57: strcat (in /usr/lib/x86_64-linux-gnu/valgrind/vgpreload_memcheck-amd64-linux.so)
==224==    by 0x10970E: alfred_append (alfred_string.c:47)
==224==    by 0x109919: s_alfred_addchar (alfred_tokenize.c:76)
==224==    by 0x1099A2: alfred_parse (alfred_tokenize.c:93)
==224==    by 0x10941E: main (alfred.c:31)
==224==  Uninitialised value was created by a stack allocation
==224==    at 0x1096C5: alfred_append (alfred_string.c:43)
==224== 
==224== Conditional jump or move depends on uninitialised value(s)
==224==    at 0x483EF49: strlen (in /usr/lib/x86_64-linux-gnu/valgrind/vgpreload_memcheck-amd64-linux.so)
==224==    by 0x109586: alfred_length (alfred_string.c:6)
==224==    by 0x109728: alfred_append (alfred_string.c:49)
==224==    by 0x109919: s_alfred_addchar (alfred_tokenize.c:76)
==224==    by 0x1099A2: alfred_parse (alfred_tokenize.c:93)
==224==    by 0x10941E: main (alfred.c:31)
==224==  Uninitialised value was created by a heap allocation
==224==    at 0x483B7F3: malloc (in /usr/lib/x86_64-linux-gnu/valgrind/vgpreload_memcheck-amd64-linux.so)
==224==    by 0x109945: alfred_parse (alfred_tokenize.c:81)
==224==    by 0x10941E: main (alfred.c:31)
==224== 
--224-- REDIR: 0x49e2670 (libc.so.6:__memcpy_avx_unaligned_erms) redirected to 0x48429f0 (memmove)
--224-- REDIR: 0x48f1850 (libc.so.6:free) redirected to 0x483c9d0 (free)
==224== Conditional jump or move depends on uninitialised value(s)
==224==    at 0x483EC57: strcat (in /usr/lib/x86_64-linux-gnu/valgrind/vgpreload_memcheck-amd64-linux.so)
==224==    by 0x10970E: alfred_append (alfred_string.c:47)
==224==    by 0x109919: s_alfred_addchar (alfred_tokenize.c:76)
==224==    by 0x1099CF: alfred_parse (alfred_tokenize.c:97)
==224==    by 0x10941E: main (alfred.c:31)
==224==  Uninitialised value was created by a stack allocation
==224==    at 0x1096C5: alfred_append (alfred_string.c:43)
==224== 
--224-- REDIR: 0x49e2af0 (libc.so.6:__memset_avx2_unaligned_erms) redirected to 0x48428e0 (memset)
==224== Conditional jump or move depends on uninitialised value(s)
==224==    at 0x483EC57: strcat (in /usr/lib/x86_64-linux-gnu/valgrind/vgpreload_memcheck-amd64-linux.so)
==224==    by 0x10970E: alfred_append (alfred_string.c:47)
==224==    by 0x109919: s_alfred_addchar (alfred_tokenize.c:76)
==224==    by 0x109A72: alfred_parse (alfred_tokenize.c:133)
==224==    by 0x10941E: main (alfred.c:31)
==224==  Uninitialised value was created by a stack allocation
==224==    at 0x1096C5: alfred_append (alfred_string.c:43)
==224== 
==224== Invalid read of size 2
==224==    at 0x4842B30: memmove (in /usr/lib/x86_64-linux-gnu/valgrind/vgpreload_memcheck-amd64-linux.so)
==224==    by 0x109743: alfred_append (alfred_string.c:48)
==224==    by 0x109919: s_alfred_addchar (alfred_tokenize.c:76)
==224==    by 0x1099CF: alfred_parse (alfred_tokenize.c:97)
==224==    by 0x10941E: main (alfred.c:31)
==224==  Address 0x4a4d0a8 is 8 bytes inside a block of size 9 alloc'd
==224==    at 0x483B7F3: malloc (in /usr/lib/x86_64-linux-gnu/valgrind/vgpreload_memcheck-amd64-linux.so)
==224==    by 0x1096E4: alfred_append (alfred_string.c:44)
==224==    by 0x109919: s_alfred_addchar (alfred_tokenize.c:76)
==224==    by 0x1099CF: alfred_parse (alfred_tokenize.c:97)
==224==    by 0x10941E: main (alfred.c:31)
==224== 
==224== Invalid read of size 2
==224==    at 0x4842B3F: memmove (in /usr/lib/x86_64-linux-gnu/valgrind/vgpreload_memcheck-amd64-linux.so)
==224==    by 0x109743: alfred_append (alfred_string.c:48)
==224==    by 0x109919: s_alfred_addchar (alfred_tokenize.c:76)
==224==    by 0x1099CF: alfred_parse (alfred_tokenize.c:97)
==224==    by 0x10941E: main (alfred.c:31)
==224==  Address 0x4a4d2dc is 3 bytes after a block of size 9 alloc'd
==224==    at 0x483B7F3: malloc (in /usr/lib/x86_64-linux-gnu/valgrind/vgpreload_memcheck-amd64-linux.so)
==224==    by 0x1096E4: alfred_append (alfred_string.c:44)
==224==    by 0x109919: s_alfred_addchar (alfred_tokenize.c:76)
==224==    by 0x1099CF: alfred_parse (alfred_tokenize.c:97)
==224==    by 0x10941E: main (alfred.c:31)
==224== 
==224== Invalid write of size 1
==224==    at 0x483EC5E: strcat (in /usr/lib/x86_64-linux-gnu/valgrind/vgpreload_memcheck-amd64-linux.so)
==224==    by 0x10970E: alfred_append (alfred_string.c:47)
==224==    by 0x109919: s_alfred_addchar (alfred_tokenize.c:76)
==224==    by 0x1099CF: alfred_parse (alfred_tokenize.c:97)
==224==    by 0x10941E: main (alfred.c:31)
==224==  Address 0x4a4d379 is 0 bytes after a block of size 9 alloc'd
==224==    at 0x483B7F3: malloc (in /usr/lib/x86_64-linux-gnu/valgrind/vgpreload_memcheck-amd64-linux.so)
==224==    by 0x1096E4: alfred_append (alfred_string.c:44)
==224==    by 0x109919: s_alfred_addchar (alfred_tokenize.c:76)
==224==    by 0x1099CF: alfred_parse (alfred_tokenize.c:97)
==224==    by 0x10941E: main (alfred.c:31)
==224== 
==224== Invalid read of size 1
==224==    at 0x483EF54: strlen (in /usr/lib/x86_64-linux-gnu/valgrind/vgpreload_memcheck-amd64-linux.so)
==224==    by 0x109586: alfred_length (alfred_string.c:6)
==224==    by 0x10971A: alfred_append (alfred_string.c:49)
==224==    by 0x109919: s_alfred_addchar (alfred_tokenize.c:76)
==224==    by 0x1099CF: alfred_parse (alfred_tokenize.c:97)
==224==    by 0x10941E: main (alfred.c:31)
==224==  Address 0x4a4d379 is 0 bytes after a block of size 9 alloc'd
==224==    at 0x483B7F3: malloc (in /usr/lib/x86_64-linux-gnu/valgrind/vgpreload_memcheck-amd64-linux.so)
==224==    by 0x1096E4: alfred_append (alfred_string.c:44)
==224==    by 0x109919: s_alfred_addchar (alfred_tokenize.c:76)
==224==    by 0x1099CF: alfred_parse (alfred_tokenize.c:97)
==224==    by 0x10941E: main (alfred.c:31)
==224== 
==224== Conditional jump or move depends on uninitialised value(s)
==224==    at 0x483EF58: strlen (in /usr/lib/x86_64-linux-gnu/valgrind/vgpreload_memcheck-amd64-linux.so)
==224==    by 0x109586: alfred_length (alfred_string.c:6)
==224==    by 0x109C4E: alfred_parse (alfred_tokenize.c:191)
==224==    by 0x10941E: main (alfred.c:31)
==224== 
==224== Conditional jump or move depends on uninitialised value(s)
==224==    at 0x483EF58: strlen (in /usr/lib/x86_64-linux-gnu/valgrind/vgpreload_memcheck-amd64-linux.so)
==224==    by 0x48CFE94: __vfprintf_internal (vfprintf-internal.c:1688)
==224==    by 0x48B8EBE: printf (printf.c:33)
==224==    by 0x109C6A: alfred_parse (alfred_tokenize.c:192)
==224==    by 0x10941E: main (alfred.c:31)
==224== 
==224== Conditional jump or move depends on uninitialised value(s)
==224==    at 0x483EC57: strcat (in /usr/lib/x86_64-linux-gnu/valgrind/vgpreload_memcheck-amd64-linux.so)
==224==    by 0x10970E: alfred_append (alfred_string.c:47)
==224==    by 0x109919: s_alfred_addchar (alfred_tokenize.c:76)
==224==    by 0x109A0E: alfred_parse (alfred_tokenize.c:102)
==224==    by 0x10941E: main (alfred.c:31)
==224==  Uninitialised value was created by a stack allocation
==224==    at 0x1096C5: alfred_append (alfred_string.c:43)
==224== 
==224== Conditional jump or move depends on uninitialised value(s)
==224==    at 0x483EC57: strcat (in /usr/lib/x86_64-linux-gnu/valgrind/vgpreload_memcheck-amd64-linux.so)
==224==    by 0x10970E: alfred_append (alfred_string.c:47)
==224==    by 0x109919: s_alfred_addchar (alfred_tokenize.c:76)
==224==    by 0x109A3B: alfred_parse (alfred_tokenize.c:106)
==224==    by 0x10941E: main (alfred.c:31)
==224==  Uninitialised value was created by a stack allocation
==224==    at 0x1096C5: alfred_append (alfred_string.c:43)
==224== 
==224== Invalid read of size 2
==224==    at 0x4842B30: memmove (in /usr/lib/x86_64-linux-gnu/valgrind/vgpreload_memcheck-amd64-linux.so)
==224==    by 0x109743: alfred_append (alfred_string.c:48)
==224==    by 0x109919: s_alfred_addchar (alfred_tokenize.c:76)
==224==    by 0x109A3B: alfred_parse (alfred_tokenize.c:106)
==224==    by 0x10941E: main (alfred.c:31)
==224==  Address 0x4a4d558 is 8 bytes inside a block of size 9 alloc'd
==224==    at 0x483B7F3: malloc (in /usr/lib/x86_64-linux-gnu/valgrind/vgpreload_memcheck-amd64-linux.so)
==224==    by 0x1096E4: alfred_append (alfred_string.c:44)
==224==    by 0x109919: s_alfred_addchar (alfred_tokenize.c:76)
==224==    by 0x109A3B: alfred_parse (alfred_tokenize.c:106)
==224==    by 0x10941E: main (alfred.c:31)
==224== 
==224== Invalid read of size 2
==224==    at 0x4842B3F: memmove (in /usr/lib/x86_64-linux-gnu/valgrind/vgpreload_memcheck-amd64-linux.so)
==224==    by 0x109743: alfred_append (alfred_string.c:48)
==224==    by 0x109919: s_alfred_addchar (alfred_tokenize.c:76)
==224==    by 0x109A3B: alfred_parse (alfred_tokenize.c:106)
==224==    by 0x10941E: main (alfred.c:31)
==224==  Address 0x4a4d5fc is 3 bytes after a block of size 9 alloc'd
==224==    at 0x483B7F3: malloc (in /usr/lib/x86_64-linux-gnu/valgrind/vgpreload_memcheck-amd64-linux.so)
==224==    by 0x1096E4: alfred_append (alfred_string.c:44)
==224==    by 0x109919: s_alfred_addchar (alfred_tokenize.c:76)
==224==    by 0x109A3B: alfred_parse (alfred_tokenize.c:106)
==224==    by 0x10941E: main (alfred.c:31)
==224== 
==224== Invalid write of size 1
==224==    at 0x483EC5E: strcat (in /usr/lib/x86_64-linux-gnu/valgrind/vgpreload_memcheck-amd64-linux.so)
==224==    by 0x10970E: alfred_append (alfred_string.c:47)
==224==    by 0x109919: s_alfred_addchar (alfred_tokenize.c:76)
==224==    by 0x109A3B: alfred_parse (alfred_tokenize.c:106)
==224==    by 0x10941E: main (alfred.c:31)
==224==  Address 0x4a4d699 is 0 bytes after a block of size 9 alloc'd
==224==    at 0x483B7F3: malloc (in /usr/lib/x86_64-linux-gnu/valgrind/vgpreload_memcheck-amd64-linux.so)
==224==    by 0x1096E4: alfred_append (alfred_string.c:44)
==224==    by 0x109919: s_alfred_addchar (alfred_tokenize.c:76)
==224==    by 0x109A3B: alfred_parse (alfred_tokenize.c:106)
==224==    by 0x10941E: main (alfred.c:31)
==224== 
==224== Conditional jump or move depends on uninitialised value(s)
==224==    at 0x483F0B7: strcpy (in /usr/lib/x86_64-linux-gnu/valgrind/vgpreload_memcheck-amd64-linux.so)
==224==    by 0x1096FB: alfred_append (alfred_string.c:46)
==224==    by 0x109919: s_alfred_addchar (alfred_tokenize.c:76)
==224==    by 0x109A3B: alfred_parse (alfred_tokenize.c:106)
==224==    by 0x10941E: main (alfred.c:31)
==224== 
==224== Invalid write of size 1
==224==    at 0x483F0BE: strcpy (in /usr/lib/x86_64-linux-gnu/valgrind/vgpreload_memcheck-amd64-linux.so)
==224==    by 0x1096FB: alfred_append (alfred_string.c:46)
==224==    by 0x109919: s_alfred_addchar (alfred_tokenize.c:76)
==224==    by 0x109A3B: alfred_parse (alfred_tokenize.c:106)
==224==    by 0x10941E: main (alfred.c:31)
==224==  Address 0x4a4d6e9 is 0 bytes after a block of size 9 alloc'd
==224==    at 0x483B7F3: malloc (in /usr/lib/x86_64-linux-gnu/valgrind/vgpreload_memcheck-amd64-linux.so)
==224==    by 0x1096E4: alfred_append (alfred_string.c:44)
==224==    by 0x109919: s_alfred_addchar (alfred_tokenize.c:76)
==224==    by 0x109A3B: alfred_parse (alfred_tokenize.c:106)
==224==    by 0x10941E: main (alfred.c:31)
==224== 
==224== Invalid read of size 1
==224==    at 0x483EC34: strcat (in /usr/lib/x86_64-linux-gnu/valgrind/vgpreload_memcheck-amd64-linux.so)
==224==    by 0x10970E: alfred_append (alfred_string.c:47)
==224==    by 0x109919: s_alfred_addchar (alfred_tokenize.c:76)
==224==    by 0x109A3B: alfred_parse (alfred_tokenize.c:106)
==224==    by 0x10941E: main (alfred.c:31)
==224==  Address 0x4a4d6e9 is 0 bytes after a block of size 9 alloc'd
==224==    at 0x483B7F3: malloc (in /usr/lib/x86_64-linux-gnu/valgrind/vgpreload_memcheck-amd64-linux.so)
==224==    by 0x1096E4: alfred_append (alfred_string.c:44)
==224==    by 0x109919: s_alfred_addchar (alfred_tokenize.c:76)
==224==    by 0x109A3B: alfred_parse (alfred_tokenize.c:106)
==224==    by 0x10941E: main (alfred.c:31)
==224== 
==224== Invalid write of size 1
==224==    at 0x483EC4C: strcat (in /usr/lib/x86_64-linux-gnu/valgrind/vgpreload_memcheck-amd64-linux.so)
==224==    by 0x10970E: alfred_append (alfred_string.c:47)
==224==    by 0x109919: s_alfred_addchar (alfred_tokenize.c:76)
==224==    by 0x109A3B: alfred_parse (alfred_tokenize.c:106)
==224==    by 0x10941E: main (alfred.c:31)
==224==  Address 0x4a4d6e9 is 0 bytes after a block of size 9 alloc'd
==224==    at 0x483B7F3: malloc (in /usr/lib/x86_64-linux-gnu/valgrind/vgpreload_memcheck-amd64-linux.so)
==224==    by 0x1096E4: alfred_append (alfred_string.c:44)
==224==    by 0x109919: s_alfred_addchar (alfred_tokenize.c:76)
==224==    by 0x109A3B: alfred_parse (alfred_tokenize.c:106)
==224==    by 0x10941E: main (alfred.c:31)
==224== 
==224== Conditional jump or move depends on uninitialised value(s)
==224==    at 0x483EF58: strlen (in /usr/lib/x86_64-linux-gnu/valgrind/vgpreload_memcheck-amd64-linux.so)
==224==    by 0x109586: alfred_length (alfred_string.c:6)
==224==    by 0x109728: alfred_append (alfred_string.c:49)
==224==    by 0x109919: s_alfred_addchar (alfred_tokenize.c:76)
==224==    by 0x109A3B: alfred_parse (alfred_tokenize.c:106)
==224==    by 0x10941E: main (alfred.c:31)
==224== 
==224== Invalid write of size 1
==224==    at 0x483F0AC: strcpy (in /usr/lib/x86_64-linux-gnu/valgrind/vgpreload_memcheck-amd64-linux.so)
==224==    by 0x1096FB: alfred_append (alfred_string.c:46)
==224==    by 0x109919: s_alfred_addchar (alfred_tokenize.c:76)
==224==    by 0x109A3B: alfred_parse (alfred_tokenize.c:106)
==224==    by 0x10941E: main (alfred.c:31)
==224==  Address 0x4a4d739 is 0 bytes after a block of size 9 alloc'd
==224==    at 0x483B7F3: malloc (in /usr/lib/x86_64-linux-gnu/valgrind/vgpreload_memcheck-amd64-linux.so)
==224==    by 0x1096E4: alfred_append (alfred_string.c:44)
==224==    by 0x109919: s_alfred_addchar (alfred_tokenize.c:76)
==224==    by 0x109A3B: alfred_parse (alfred_tokenize.c:106)
==224==    by 0x10941E: main (alfred.c:31)
==224== 
==224== Invalid read of size 8
==224==    at 0x4842AE4: memmove (in /usr/lib/x86_64-linux-gnu/valgrind/vgpreload_memcheck-amd64-linux.so)
==224==    by 0x109743: alfred_append (alfred_string.c:48)
==224==    by 0x109919: s_alfred_addchar (alfred_tokenize.c:76)
==224==    by 0x109A3B: alfred_parse (alfred_tokenize.c:106)
==224==    by 0x10941E: main (alfred.c:31)
==224==  Address 0x4a4d790 is 7 bytes after a block of size 9 alloc'd
==224==    at 0x483B7F3: malloc (in /usr/lib/x86_64-linux-gnu/valgrind/vgpreload_memcheck-amd64-linux.so)
==224==    by 0x1096E4: alfred_append (alfred_string.c:44)
==224==    by 0x109919: s_alfred_addchar (alfred_tokenize.c:76)
==224==    by 0x109A3B: alfred_parse (alfred_tokenize.c:106)
==224==    by 0x10941E: main (alfred.c:31)
==224== 
==224== Conditional jump or move depends on uninitialised value(s)
==224==    at 0x483F0B7: strcpy (in /usr/lib/x86_64-linux-gnu/valgrind/vgpreload_memcheck-amd64-linux.so)
==224==    by 0x1096FB: alfred_append (alfred_string.c:46)
==224==    by 0x109919: s_alfred_addchar (alfred_tokenize.c:76)
==224==    by 0x1099CF: alfred_parse (alfred_tokenize.c:97)
==224==    by 0x10941E: main (alfred.c:31)
==224== 
==224== Invalid write of size 1
==224==    at 0x483F0BE: strcpy (in /usr/lib/x86_64-linux-gnu/valgrind/vgpreload_memcheck-amd64-linux.so)
==224==    by 0x1096FB: alfred_append (alfred_string.c:46)
==224==    by 0x109919: s_alfred_addchar (alfred_tokenize.c:76)
==224==    by 0x1099CF: alfred_parse (alfred_tokenize.c:97)
==224==    by 0x10941E: main (alfred.c:31)
==224==  Address 0x4a4df09 is 0 bytes after a block of size 9 alloc'd
==224==    at 0x483B7F3: malloc (in /usr/lib/x86_64-linux-gnu/valgrind/vgpreload_memcheck-amd64-linux.so)
==224==    by 0x1096E4: alfred_append (alfred_string.c:44)
==224==    by 0x109919: s_alfred_addchar (alfred_tokenize.c:76)
==224==    by 0x1099CF: alfred_parse (alfred_tokenize.c:97)
==224==    by 0x10941E: main (alfred.c:31)
==224== 
==224== Invalid read of size 1
==224==    at 0x483EC34: strcat (in /usr/lib/x86_64-linux-gnu/valgrind/vgpreload_memcheck-amd64-linux.so)
==224==    by 0x10970E: alfred_append (alfred_string.c:47)
==224==    by 0x109919: s_alfred_addchar (alfred_tokenize.c:76)
==224==    by 0x1099CF: alfred_parse (alfred_tokenize.c:97)
==224==    by 0x10941E: main (alfred.c:31)
==224==  Address 0x4a4df09 is 0 bytes after a block of size 9 alloc'd
==224==    at 0x483B7F3: malloc (in /usr/lib/x86_64-linux-gnu/valgrind/vgpreload_memcheck-amd64-linux.so)
==224==    by 0x1096E4: alfred_append (alfred_string.c:44)
==224==    by 0x109919: s_alfred_addchar (alfred_tokenize.c:76)
==224==    by 0x1099CF: alfred_parse (alfred_tokenize.c:97)
==224==    by 0x10941E: main (alfred.c:31)
==224== 
==224== Invalid write of size 1
==224==    at 0x483EC4C: strcat (in /usr/lib/x86_64-linux-gnu/valgrind/vgpreload_memcheck-amd64-linux.so)
==224==    by 0x10970E: alfred_append (alfred_string.c:47)
==224==    by 0x109919: s_alfred_addchar (alfred_tokenize.c:76)
==224==    by 0x1099CF: alfred_parse (alfred_tokenize.c:97)
==224==    by 0x10941E: main (alfred.c:31)
==224==  Address 0x4a4df09 is 0 bytes after a block of size 9 alloc'd
==224==    at 0x483B7F3: malloc (in /usr/lib/x86_64-linux-gnu/valgrind/vgpreload_memcheck-amd64-linux.so)
==224==    by 0x1096E4: alfred_append (alfred_string.c:44)
==224==    by 0x109919: s_alfred_addchar (alfred_tokenize.c:76)
==224==    by 0x1099CF: alfred_parse (alfred_tokenize.c:97)
==224==    by 0x10941E: main (alfred.c:31)
==224== 
==224== Invalid write of size 1
==224==    at 0x483F0AC: strcpy (in /usr/lib/x86_64-linux-gnu/valgrind/vgpreload_memcheck-amd64-linux.so)
==224==    by 0x1096FB: alfred_append (alfred_string.c:46)
==224==    by 0x109919: s_alfred_addchar (alfred_tokenize.c:76)
==224==    by 0x1099CF: alfred_parse (alfred_tokenize.c:97)
==224==    by 0x10941E: main (alfred.c:31)
==224==  Address 0x4a4df59 is 0 bytes after a block of size 9 alloc'd
==224==    at 0x483B7F3: malloc (in /usr/lib/x86_64-linux-gnu/valgrind/vgpreload_memcheck-amd64-linux.so)
==224==    by 0x1096E4: alfred_append (alfred_string.c:44)
==224==    by 0x109919: s_alfred_addchar (alfred_tokenize.c:76)
==224==    by 0x1099CF: alfred_parse (alfred_tokenize.c:97)
==224==    by 0x10941E: main (alfred.c:31)
==224== 
==224== Invalid read of size 8
==224==    at 0x4842AE4: memmove (in /usr/lib/x86_64-linux-gnu/valgrind/vgpreload_memcheck-amd64-linux.so)
==224==    by 0x109743: alfred_append (alfred_string.c:48)
==224==    by 0x109919: s_alfred_addchar (alfred_tokenize.c:76)
==224==    by 0x1099CF: alfred_parse (alfred_tokenize.c:97)
==224==    by 0x10941E: main (alfred.c:31)
==224==  Address 0x4a4dfb0 is 7 bytes after a block of size 9 alloc'd
==224==    at 0x483B7F3: malloc (in /usr/lib/x86_64-linux-gnu/valgrind/vgpreload_memcheck-amd64-linux.so)
==224==    by 0x1096E4: alfred_append (alfred_string.c:44)
==224==    by 0x109919: s_alfred_addchar (alfred_tokenize.c:76)
==224==    by 0x1099CF: alfred_parse (alfred_tokenize.c:97)
==224==    by 0x10941E: main (alfred.c:31)
==224== 
==224== Invalid read of size 8
==224==    at 0x4842A8F: memmove (in /usr/lib/x86_64-linux-gnu/valgrind/vgpreload_memcheck-amd64-linux.so)
==224==    by 0x109743: alfred_append (alfred_string.c:48)
==224==    by 0x109919: s_alfred_addchar (alfred_tokenize.c:76)
==224==    by 0x1099CF: alfred_parse (alfred_tokenize.c:97)
==224==    by 0x10941E: main (alfred.c:31)
==224==  Address 0x4a4e0f0 is 7 bytes after a block of size 9 alloc'd
==224==    at 0x483B7F3: malloc (in /usr/lib/x86_64-linux-gnu/valgrind/vgpreload_memcheck-amd64-linux.so)
==224==    by 0x1096E4: alfred_append (alfred_string.c:44)
==224==    by 0x109919: s_alfred_addchar (alfred_tokenize.c:76)
==224==    by 0x1099CF: alfred_parse (alfred_tokenize.c:97)
==224==    by 0x10941E: main (alfred.c:31)
==224== 
==224== Invalid read of size 8
==224==    at 0x4842A97: memmove (in /usr/lib/x86_64-linux-gnu/valgrind/vgpreload_memcheck-amd64-linux.so)
==224==    by 0x109743: alfred_append (alfred_string.c:48)
==224==    by 0x109919: s_alfred_addchar (alfred_tokenize.c:76)
==224==    by 0x1099CF: alfred_parse (alfred_tokenize.c:97)
==224==    by 0x10941E: main (alfred.c:31)
==224==  Address 0x4a4e0f8 is 15 bytes after a block of size 9 alloc'd
==224==    at 0x483B7F3: malloc (in /usr/lib/x86_64-linux-gnu/valgrind/vgpreload_memcheck-amd64-linux.so)
==224==    by 0x1096E4: alfred_append (alfred_string.c:44)
==224==    by 0x109919: s_alfred_addchar (alfred_tokenize.c:76)
==224==    by 0x1099CF: alfred_parse (alfred_tokenize.c:97)
==224==    by 0x10941E: main (alfred.c:31)
==224== 
==224== Invalid read of size 8
==224==    at 0x4842AD6: memmove (in /usr/lib/x86_64-linux-gnu/valgrind/vgpreload_memcheck-amd64-linux.so)
==224==    by 0x109743: alfred_append (alfred_string.c:48)
==224==    by 0x109919: s_alfred_addchar (alfred_tokenize.c:76)
==224==    by 0x1099CF: alfred_parse (alfred_tokenize.c:97)
==224==    by 0x10941E: main (alfred.c:31)
==224==  Address 0x4a4e240 is 23 bytes after a block of size 9 alloc'd
==224==    at 0x483B7F3: malloc (in /usr/lib/x86_64-linux-gnu/valgrind/vgpreload_memcheck-amd64-linux.so)
==224==    by 0x1096E4: alfred_append (alfred_string.c:44)
==224==    by 0x109919: s_alfred_addchar (alfred_tokenize.c:76)
==224==    by 0x1099CF: alfred_parse (alfred_tokenize.c:97)
==224==    by 0x10941E: main (alfred.c:31)
==224== 
==224== Invalid read of size 8
==224==    at 0x4842A7C: memmove (in /usr/lib/x86_64-linux-gnu/valgrind/vgpreload_memcheck-amd64-linux.so)
==224==    by 0x109743: alfred_append (alfred_string.c:48)
==224==    by 0x109919: s_alfred_addchar (alfred_tokenize.c:76)
==224==    by 0x1099CF: alfred_parse (alfred_tokenize.c:97)
==224==    by 0x10941E: main (alfred.c:31)
==224==  Address 0x4a4e600 is 23 bytes after a block of size 9 alloc'd
==224==    at 0x483B7F3: malloc (in /usr/lib/x86_64-linux-gnu/valgrind/vgpreload_memcheck-amd64-linux.so)
==224==    by 0x1096E4: alfred_append (alfred_string.c:44)
==224==    by 0x109919: s_alfred_addchar (alfred_tokenize.c:76)
==224==    by 0x1099CF: alfred_parse (alfred_tokenize.c:97)
==224==    by 0x10941E: main (alfred.c:31)
==224== 
==224== Invalid read of size 8
==224==    at 0x4842A87: memmove (in /usr/lib/x86_64-linux-gnu/valgrind/vgpreload_memcheck-amd64-linux.so)
==224==    by 0x109743: alfred_append (alfred_string.c:48)
==224==    by 0x109919: s_alfred_addchar (alfred_tokenize.c:76)
==224==    by 0x1099CF: alfred_parse (alfred_tokenize.c:97)
==224==    by 0x10941E: main (alfred.c:31)
==224==  Address 0x4a4e608 is 24 bytes after a block of size 16 in arena "client"
==224== 
==224== Invalid read of size 8
==224==    at 0x4842A8F: memmove (in /usr/lib/x86_64-linux-gnu/valgrind/vgpreload_memcheck-amd64-linux.so)
==224==    by 0x109743: alfred_append (alfred_string.c:48)
==224==    by 0x109919: s_alfred_addchar (alfred_tokenize.c:76)
==224==    by 0x109A3B: alfred_parse (alfred_tokenize.c:106)
==224==    by 0x10941E: main (alfred.c:31)
==224==  Address 0x4a4eb40 is 7 bytes after a block of size 9 alloc'd
==224==    at 0x483B7F3: malloc (in /usr/lib/x86_64-linux-gnu/valgrind/vgpreload_memcheck-amd64-linux.so)
==224==    by 0x1096E4: alfred_append (alfred_string.c:44)
==224==    by 0x109919: s_alfred_addchar (alfred_tokenize.c:76)
==224==    by 0x109A3B: alfred_parse (alfred_tokenize.c:106)
==224==    by 0x10941E: main (alfred.c:31)
==224== 
==224== Invalid read of size 8
==224==    at 0x4842A97: memmove (in /usr/lib/x86_64-linux-gnu/valgrind/vgpreload_memcheck-amd64-linux.so)
==224==    by 0x109743: alfred_append (alfred_string.c:48)
==224==    by 0x109919: s_alfred_addchar (alfred_tokenize.c:76)
==224==    by 0x109A3B: alfred_parse (alfred_tokenize.c:106)
==224==    by 0x10941E: main (alfred.c:31)
==224==  Address 0x4a4eb48 is 15 bytes after a block of size 9 alloc'd
==224==    at 0x483B7F3: malloc (in /usr/lib/x86_64-linux-gnu/valgrind/vgpreload_memcheck-amd64-linux.so)
==224==    by 0x1096E4: alfred_append (alfred_string.c:44)
==224==    by 0x109919: s_alfred_addchar (alfred_tokenize.c:76)
==224==    by 0x109A3B: alfred_parse (alfred_tokenize.c:106)
==224==    by 0x10941E: main (alfred.c:31)
==224== 
==224== Conditional jump or move depends on uninitialised value(s)
==224==    at 0x483EC57: strcat (in /usr/lib/x86_64-linux-gnu/valgrind/vgpreload_memcheck-amd64-linux.so)
==224==    by 0x10970E: alfred_append (alfred_string.c:47)
==224==    by 0x109919: s_alfred_addchar (alfred_tokenize.c:76)
==224==    by 0x109B4A: alfred_parse (alfred_tokenize.c:158)
==224==    by 0x10941E: main (alfred.c:31)
==224==  Uninitialised value was created by a stack allocation
==224==    at 0x1096C5: alfred_append (alfred_string.c:43)
==224== 
==224== Conditional jump or move depends on uninitialised value(s)
==224==    at 0x483EC57: strcat (in /usr/lib/x86_64-linux-gnu/valgrind/vgpreload_memcheck-amd64-linux.so)
==224==    by 0x10970E: alfred_append (alfred_string.c:47)
==224==    by 0x109919: s_alfred_addchar (alfred_tokenize.c:76)
==224==    by 0x109AE1: alfred_parse (alfred_tokenize.c:147)
==224==    by 0x10941E: main (alfred.c:31)
==224==  Uninitialised value was created by a stack allocation
==224==    at 0x1096C5: alfred_append (alfred_string.c:43)
==224== 
==224== Conditional jump or move depends on uninitialised value(s)
==224==    at 0x483EC57: strcat (in /usr/lib/x86_64-linux-gnu/valgrind/vgpreload_memcheck-amd64-linux.so)
==224==    by 0x10970E: alfred_append (alfred_string.c:47)
==224==    by 0x109919: s_alfred_addchar (alfred_tokenize.c:76)
==224==    by 0x109BB0: alfred_parse (alfred_tokenize.c:167)
==224==    by 0x10941E: main (alfred.c:31)
==224==  Uninitialised value was created by a stack allocation
==224==    at 0x1096C5: alfred_append (alfred_string.c:43)
==224== 
==224== Conditional jump or move depends on uninitialised value(s)
==224==    at 0x483EC57: strcat (in /usr/lib/x86_64-linux-gnu/valgrind/vgpreload_memcheck-amd64-linux.so)
==224==    by 0x10970E: alfred_append (alfred_string.c:47)
==224==    by 0x109919: s_alfred_addchar (alfred_tokenize.c:76)
==224==    by 0x109BE5: alfred_parse (alfred_tokenize.c:174)
==224==    by 0x10941E: main (alfred.c:31)
==224==  Uninitialised value was created by a stack allocation
==224==    at 0x1096C5: alfred_append (alfred_string.c:43)
==224== 
==224== Conditional jump or move depends on uninitialised value(s)
==224==    at 0x483EC57: strcat (in /usr/lib/x86_64-linux-gnu/valgrind/vgpreload_memcheck-amd64-linux.so)
==224==    by 0x10970E: alfred_append (alfred_string.c:47)
==224==    by 0x109919: s_alfred_addchar (alfred_tokenize.c:76)
==224==    by 0x109C1A: alfred_parse (alfred_tokenize.c:182)
==224==    by 0x10941E: main (alfred.c:31)
==224==  Uninitialised value was created by a stack allocation
==224==    at 0x1096C5: alfred_append (alfred_string.c:43)
==224== 
==224== Use of uninitialised value of size 8
==224==    at 0x488B002: isalpha (ctype.c:27)
==224==    by 0x109699: alfred_type (alfred_string.c:34)
==224==    by 0x109773: alfred_get_token_type (alfred_tokenize.c:6)
==224==    by 0x1098E4: s_alfred_getchar (alfred_tokenize.c:70)
==224==    by 0x109A90: alfred_parse (alfred_tokenize.c:135)
==224==    by 0x10941E: main (alfred.c:31)
==224==  Uninitialised value was created by a heap allocation
==224==    at 0x483B7F3: malloc (in /usr/lib/x86_64-linux-gnu/valgrind/vgpreload_memcheck-amd64-linux.so)
==224==    by 0x10950B: alfred_read (alfred_stream.c:36)
==224==    by 0x1093F6: main (alfred.c:27)
==224== 
==224== Conditional jump or move depends on uninitialised value(s)
==224==    at 0x1096A2: alfred_type (alfred_string.c:34)
==224==    by 0x109773: alfred_get_token_type (alfred_tokenize.c:6)
==224==    by 0x1098E4: s_alfred_getchar (alfred_tokenize.c:70)
==224==    by 0x109A90: alfred_parse (alfred_tokenize.c:135)
==224==    by 0x10941E: main (alfred.c:31)
==224==  Uninitialised value was created by a heap allocation
==224==    at 0x483B7F3: malloc (in /usr/lib/x86_64-linux-gnu/valgrind/vgpreload_memcheck-amd64-linux.so)
==224==    by 0x10950B: alfred_read (alfred_stream.c:36)
==224==    by 0x1093F6: main (alfred.c:27)
==224== 
==224== Conditional jump or move depends on uninitialised value(s)
==224==    at 0x1096B5: alfred_type (alfred_string.c:36)
==224==    by 0x109773: alfred_get_token_type (alfred_tokenize.c:6)
==224==    by 0x1098E4: s_alfred_getchar (alfred_tokenize.c:70)
==224==    by 0x109A90: alfred_parse (alfred_tokenize.c:135)
==224==    by 0x10941E: main (alfred.c:31)
==224==  Uninitialised value was created by a heap allocation
==224==    at 0x483B7F3: malloc (in /usr/lib/x86_64-linux-gnu/valgrind/vgpreload_memcheck-amd64-linux.so)
==224==    by 0x10950B: alfred_read (alfred_stream.c:36)
==224==    by 0x1093F6: main (alfred.c:27)
==224== 
==224== Conditional jump or move depends on uninitialised value(s)
==224==    at 0x1097B6: alfred_get_token_type (alfred_tokenize.c:14)
==224==    by 0x1098E4: s_alfred_getchar (alfred_tokenize.c:70)
==224==    by 0x109A90: alfred_parse (alfred_tokenize.c:135)
==224==    by 0x10941E: main (alfred.c:31)
==224==  Uninitialised value was created by a heap allocation
==224==    at 0x483B7F3: malloc (in /usr/lib/x86_64-linux-gnu/valgrind/vgpreload_memcheck-amd64-linux.so)
==224==    by 0x10950B: alfred_read (alfred_stream.c:36)
==224==    by 0x1093F6: main (alfred.c:27)
==224== 
==224== Syscall param write(buf) points to uninitialised byte(s)
==224==    at 0x49651E7: write (write.c:26)
==224==    by 0x48E600C: _IO_file_write@@GLIBC_2.2.5 (fileops.c:1181)
==224==    by 0x48E7AD0: new_do_write (fileops.c:449)
==224==    by 0x48E7AD0: _IO_new_do_write (fileops.c:426)
==224==    by 0x48E7AD0: _IO_do_write@@GLIBC_2.2.5 (fileops.c:423)
==224==    by 0x48E9CB1: _IO_flush_all_lockp (genops.c:706)
==224==    by 0x48E9F08: _IO_cleanup (genops.c:866)
==224==    by 0x489DB31: __run_exit_handlers (exit.c:130)
==224==    by 0x489DBDF: exit (exit.c:139)
==224==    by 0x487B0B9: (below main) (libc-start.c:342)
==224==  Address 0x4a4930e is 638 bytes inside a block of size 4,096 alloc'd
==224==    at 0x483B7F3: malloc (in /usr/lib/x86_64-linux-gnu/valgrind/vgpreload_memcheck-amd64-linux.so)
==224==    by 0x48D8E83: _IO_file_doallocate (filedoalloc.c:101)
==224==    by 0x48E904F: _IO_doallocbuf (genops.c:347)
==224==    by 0x48E80AF: _IO_file_overflow@@GLIBC_2.2.5 (fileops.c:745)
==224==    by 0x48E6834: _IO_new_file_xsputn (fileops.c:1244)
==224==    by 0x48E6834: _IO_file_xsputn@@GLIBC_2.2.5 (fileops.c:1197)
==224==    by 0x48CDAF1: __vfprintf_internal (vfprintf-internal.c:1373)
==224==    by 0x48B8EBE: printf (printf.c:33)
==224==    by 0x10938E: main (alfred.c:15)
==224== 
==224== 
==224== HEAP SUMMARY:
==224==     in use at exit: 2 bytes in 1 blocks
==224==   total heap usage: 376 allocs, 375 frees, 18,111 bytes allocated
==224== 
==224== Searching for pointers to 1 not-freed blocks
==224== Checked 76,200 bytes
==224== 
==224== 2 bytes in 1 blocks are definitely lost in loss record 1 of 1
==224==    at 0x483B7F3: malloc (in /usr/lib/x86_64-linux-gnu/valgrind/vgpreload_memcheck-amd64-linux.so)
==224==    by 0x109365: main (alfred.c:9)
==224== 
==224== LEAK SUMMARY:
==224==    definitely lost: 2 bytes in 1 blocks
==224==    indirectly lost: 0 bytes in 0 blocks
==224==      possibly lost: 0 bytes in 0 blocks
==224==    still reachable: 0 bytes in 0 blocks
==224==         suppressed: 0 bytes in 0 blocks
==224== 
==224== ERROR SUMMARY: 2443 errors from 55 contexts (suppressed: 0 from 0)
==224== 
==224== 1 errors in context 1 of 55:
==224== Syscall param write(buf) points to uninitialised byte(s)
==224==    at 0x49651E7: write (write.c:26)
==224==    by 0x48E600C: _IO_file_write@@GLIBC_2.2.5 (fileops.c:1181)
==224==    by 0x48E7AD0: new_do_write (fileops.c:449)
==224==    by 0x48E7AD0: _IO_new_do_write (fileops.c:426)
==224==    by 0x48E7AD0: _IO_do_write@@GLIBC_2.2.5 (fileops.c:423)
==224==    by 0x48E9CB1: _IO_flush_all_lockp (genops.c:706)
==224==    by 0x48E9F08: _IO_cleanup (genops.c:866)
==224==    by 0x489DB31: __run_exit_handlers (exit.c:130)
==224==    by 0x489DBDF: exit (exit.c:139)
==224==    by 0x487B0B9: (below main) (libc-start.c:342)
==224==  Address 0x4a4930e is 638 bytes inside a block of size 4,096 alloc'd
==224==    at 0x483B7F3: malloc (in /usr/lib/x86_64-linux-gnu/valgrind/vgpreload_memcheck-amd64-linux.so)
==224==    by 0x48D8E83: _IO_file_doallocate (filedoalloc.c:101)
==224==    by 0x48E904F: _IO_doallocbuf (genops.c:347)
==224==    by 0x48E80AF: _IO_file_overflow@@GLIBC_2.2.5 (fileops.c:745)
==224==    by 0x48E6834: _IO_new_file_xsputn (fileops.c:1244)
==224==    by 0x48E6834: _IO_file_xsputn@@GLIBC_2.2.5 (fileops.c:1197)
==224==    by 0x48CDAF1: __vfprintf_internal (vfprintf-internal.c:1373)
==224==    by 0x48B8EBE: printf (printf.c:33)
==224==    by 0x10938E: main (alfred.c:15)
==224== 
==224== 
==224== 1 errors in context 2 of 55:
==224== Conditional jump or move depends on uninitialised value(s)
==224==    at 0x1097B6: alfred_get_token_type (alfred_tokenize.c:14)
==224==    by 0x1098E4: s_alfred_getchar (alfred_tokenize.c:70)
==224==    by 0x109A90: alfred_parse (alfred_tokenize.c:135)
==224==    by 0x10941E: main (alfred.c:31)
==224==  Uninitialised value was created by a heap allocation
==224==    at 0x483B7F3: malloc (in /usr/lib/x86_64-linux-gnu/valgrind/vgpreload_memcheck-amd64-linux.so)
==224==    by 0x10950B: alfred_read (alfred_stream.c:36)
==224==    by 0x1093F6: main (alfred.c:27)
==224== 
==224== 
==224== 1 errors in context 3 of 55:
==224== Conditional jump or move depends on uninitialised value(s)
==224==    at 0x1096B5: alfred_type (alfred_string.c:36)
==224==    by 0x109773: alfred_get_token_type (alfred_tokenize.c:6)
==224==    by 0x1098E4: s_alfred_getchar (alfred_tokenize.c:70)
==224==    by 0x109A90: alfred_parse (alfred_tokenize.c:135)
==224==    by 0x10941E: main (alfred.c:31)
==224==  Uninitialised value was created by a heap allocation
==224==    at 0x483B7F3: malloc (in /usr/lib/x86_64-linux-gnu/valgrind/vgpreload_memcheck-amd64-linux.so)
==224==    by 0x10950B: alfred_read (alfred_stream.c:36)
==224==    by 0x1093F6: main (alfred.c:27)
==224== 
==224== 
==224== 1 errors in context 4 of 55:
==224== Conditional jump or move depends on uninitialised value(s)
==224==    at 0x1096A2: alfred_type (alfred_string.c:34)
==224==    by 0x109773: alfred_get_token_type (alfred_tokenize.c:6)
==224==    by 0x1098E4: s_alfred_getchar (alfred_tokenize.c:70)
==224==    by 0x109A90: alfred_parse (alfred_tokenize.c:135)
==224==    by 0x10941E: main (alfred.c:31)
==224==  Uninitialised value was created by a heap allocation
==224==    at 0x483B7F3: malloc (in /usr/lib/x86_64-linux-gnu/valgrind/vgpreload_memcheck-amd64-linux.so)
==224==    by 0x10950B: alfred_read (alfred_stream.c:36)
==224==    by 0x1093F6: main (alfred.c:27)
==224== 
==224== 
==224== 1 errors in context 5 of 55:
==224== Use of uninitialised value of size 8
==224==    at 0x488B002: isalpha (ctype.c:27)
==224==    by 0x109699: alfred_type (alfred_string.c:34)
==224==    by 0x109773: alfred_get_token_type (alfred_tokenize.c:6)
==224==    by 0x1098E4: s_alfred_getchar (alfred_tokenize.c:70)
==224==    by 0x109A90: alfred_parse (alfred_tokenize.c:135)
==224==    by 0x10941E: main (alfred.c:31)
==224==  Uninitialised value was created by a heap allocation
==224==    at 0x483B7F3: malloc (in /usr/lib/x86_64-linux-gnu/valgrind/vgpreload_memcheck-amd64-linux.so)
==224==    by 0x10950B: alfred_read (alfred_stream.c:36)
==224==    by 0x1093F6: main (alfred.c:27)
==224== 
==224== 
==224== 1 errors in context 6 of 55:
==224== Invalid read of size 8
==224==    at 0x4842A87: memmove (in /usr/lib/x86_64-linux-gnu/valgrind/vgpreload_memcheck-amd64-linux.so)
==224==    by 0x109743: alfred_append (alfred_string.c:48)
==224==    by 0x109919: s_alfred_addchar (alfred_tokenize.c:76)
==224==    by 0x1099CF: alfred_parse (alfred_tokenize.c:97)
==224==    by 0x10941E: main (alfred.c:31)
==224==  Address 0x4a4e608 is 24 bytes after a block of size 16 in arena "client"
==224== 
==224== 
==224== 1 errors in context 7 of 55:
==224== Invalid read of size 8
==224==    at 0x4842A7C: memmove (in /usr/lib/x86_64-linux-gnu/valgrind/vgpreload_memcheck-amd64-linux.so)
==224==    by 0x109743: alfred_append (alfred_string.c:48)
==224==    by 0x109919: s_alfred_addchar (alfred_tokenize.c:76)
==224==    by 0x1099CF: alfred_parse (alfred_tokenize.c:97)
==224==    by 0x10941E: main (alfred.c:31)
==224==  Address 0x4a4e600 is 23 bytes after a block of size 9 alloc'd
==224==    at 0x483B7F3: malloc (in /usr/lib/x86_64-linux-gnu/valgrind/vgpreload_memcheck-amd64-linux.so)
==224==    by 0x1096E4: alfred_append (alfred_string.c:44)
==224==    by 0x109919: s_alfred_addchar (alfred_tokenize.c:76)
==224==    by 0x1099CF: alfred_parse (alfred_tokenize.c:97)
==224==    by 0x10941E: main (alfred.c:31)
==224== 
==224== 
==224== 1 errors in context 8 of 55:
==224== Conditional jump or move depends on uninitialised value(s)
==224==    at 0x483EF49: strlen (in /usr/lib/x86_64-linux-gnu/valgrind/vgpreload_memcheck-amd64-linux.so)
==224==    by 0x109586: alfred_length (alfred_string.c:6)
==224==    by 0x109728: alfred_append (alfred_string.c:49)
==224==    by 0x109919: s_alfred_addchar (alfred_tokenize.c:76)
==224==    by 0x1099A2: alfred_parse (alfred_tokenize.c:93)
==224==    by 0x10941E: main (alfred.c:31)
==224==  Uninitialised value was created by a heap allocation
==224==    at 0x483B7F3: malloc (in /usr/lib/x86_64-linux-gnu/valgrind/vgpreload_memcheck-amd64-linux.so)
==224==    by 0x109945: alfred_parse (alfred_tokenize.c:81)
==224==    by 0x10941E: main (alfred.c:31)
==224== 
==224== 
==224== 1 errors in context 9 of 55:
==224== Conditional jump or move depends on uninitialised value(s)
==224==    at 0x483F0A2: strcpy (in /usr/lib/x86_64-linux-gnu/valgrind/vgpreload_memcheck-amd64-linux.so)
==224==    by 0x1096FB: alfred_append (alfred_string.c:46)
==224==    by 0x109919: s_alfred_addchar (alfred_tokenize.c:76)
==224==    by 0x1099A2: alfred_parse (alfred_tokenize.c:93)
==224==    by 0x10941E: main (alfred.c:31)
==224==  Uninitialised value was created by a heap allocation
==224==    at 0x483B7F3: malloc (in /usr/lib/x86_64-linux-gnu/valgrind/vgpreload_memcheck-amd64-linux.so)
==224==    by 0x109945: alfred_parse (alfred_tokenize.c:81)
==224==    by 0x10941E: main (alfred.c:31)
==224== 
==224== 
==224== 1 errors in context 10 of 55:
==224== Conditional jump or move depends on uninitialised value(s)
==224==    at 0x1095DC: alfred_fit (alfred_string.c:17)
==224==    by 0x109412: main (alfred.c:30)
==224==  Uninitialised value was created by a heap allocation
==224==    at 0x483B7F3: malloc (in /usr/lib/x86_64-linux-gnu/valgrind/vgpreload_memcheck-amd64-linux.so)
==224==    by 0x10950B: alfred_read (alfred_stream.c:36)
==224==    by 0x1093F6: main (alfred.c:27)
==224== 
==224== 
==224== 1 errors in context 11 of 55:
==224== Conditional jump or move depends on uninitialised value(s)
==224==    at 0x1095B8: alfred_fit (alfred_string.c:14)
==224==    by 0x109412: main (alfred.c:30)
==224==  Uninitialised value was created by a heap allocation
==224==    at 0x483B7F3: malloc (in /usr/lib/x86_64-linux-gnu/valgrind/vgpreload_memcheck-amd64-linux.so)
==224==    by 0x10950B: alfred_read (alfred_stream.c:36)
==224==    by 0x1093F6: main (alfred.c:27)
==224== 
==224== 
==224== 1 errors in context 12 of 55:
==224== Conditional jump or move depends on uninitialised value(s)
==224==    at 0x1095AD: alfred_fit (alfred_string.c:14)
==224==    by 0x109412: main (alfred.c:30)
==224==  Uninitialised value was created by a heap allocation
==224==    at 0x483B7F3: malloc (in /usr/lib/x86_64-linux-gnu/valgrind/vgpreload_memcheck-amd64-linux.so)
==224==    by 0x10950B: alfred_read (alfred_stream.c:36)
==224==    by 0x1093F6: main (alfred.c:27)
==224== 
==224== 
==224== 1 errors in context 13 of 55:
==224== Conditional jump or move depends on uninitialised value(s)
==224==    at 0x483EF58: strlen (in /usr/lib/x86_64-linux-gnu/valgrind/vgpreload_memcheck-amd64-linux.so)
==224==    by 0x48DB5B3: puts (ioputs.c:35)
==224==    by 0x109406: main (alfred.c:28)
==224==  Uninitialised value was created by a heap allocation
==224==    at 0x483B7F3: malloc (in /usr/lib/x86_64-linux-gnu/valgrind/vgpreload_memcheck-amd64-linux.so)
==224==    by 0x10950B: alfred_read (alfred_stream.c:36)
==224==    by 0x1093F6: main (alfred.c:27)
==224== 
==224== 
==224== 1 errors in context 14 of 55:
==224== Syscall param openat(filename) points to unaddressable byte(s)
==224==    at 0x4964EAB: open (open64.c:48)
==224==    by 0x48E7195: _IO_file_open (fileops.c:189)
==224==    by 0x48E7459: _IO_file_fopen@@GLIBC_2.2.5 (fileops.c:281)
==224==    by 0x48D9B0D: __fopen_internal (iofopen.c:75)
==224==    by 0x48D9B0D: fopen@@GLIBC_2.2.5 (iofopen.c:86)
==224==    by 0x109464: alfred_open (alfred_stream.c:6)
==224==    by 0x1093E6: main (alfred.c:26)
==224==  Address 0x4a49042 is 0 bytes after a block of size 2 alloc'd
==224==    at 0x483B7F3: malloc (in /usr/lib/x86_64-linux-gnu/valgrind/vgpreload_memcheck-amd64-linux.so)
==224==    by 0x109365: main (alfred.c:9)
==224== 
==224== 
==224== 1 errors in context 15 of 55:
==224== Invalid write of size 1
==224==    at 0x48BD092: __vfscanf_internal (vfscanf-internal.c:1185)
==224==    by 0x48BA2E1: __isoc99_scanf (isoc99_scanf.c:30)
==224==    by 0x1093A6: main (alfred.c:16)
==224==  Address 0x4a49045 is 3 bytes after a block of size 2 alloc'd
==224==    at 0x483B7F3: malloc (in /usr/lib/x86_64-linux-gnu/valgrind/vgpreload_memcheck-amd64-linux.so)
==224==    by 0x109365: main (alfred.c:9)
==224== 
==224== 
==224== 2 errors in context 16 of 55:
==224== Conditional jump or move depends on uninitialised value(s)
==224==    at 0x483EC57: strcat (in /usr/lib/x86_64-linux-gnu/valgrind/vgpreload_memcheck-amd64-linux.so)
==224==    by 0x10970E: alfred_append (alfred_string.c:47)
==224==    by 0x109919: s_alfred_addchar (alfred_tokenize.c:76)
==224==    by 0x109BE5: alfred_parse (alfred_tokenize.c:174)
==224==    by 0x10941E: main (alfred.c:31)
==224==  Uninitialised value was created by a stack allocation
==224==    at 0x1096C5: alfred_append (alfred_string.c:43)
==224== 
==224== 
==224== 2 errors in context 17 of 55:
==224== Conditional jump or move depends on uninitialised value(s)
==224==    at 0x483EC57: strcat (in /usr/lib/x86_64-linux-gnu/valgrind/vgpreload_memcheck-amd64-linux.so)
==224==    by 0x10970E: alfred_append (alfred_string.c:47)
==224==    by 0x109919: s_alfred_addchar (alfred_tokenize.c:76)
==224==    by 0x109C1A: alfred_parse (alfred_tokenize.c:182)
==224==    by 0x10941E: main (alfred.c:31)
==224==  Uninitialised value was created by a stack allocation
==224==    at 0x1096C5: alfred_append (alfred_string.c:43)
==224== 
==224== 
==224== 3 errors in context 18 of 55:
==224== Invalid write of size 1
==224==    at 0x48BC3D1: __vfscanf_internal (vfscanf-internal.c:1100)
==224==    by 0x48BA2E1: __isoc99_scanf (isoc99_scanf.c:30)
==224==    by 0x1093A6: main (alfred.c:16)
==224==  Address 0x4a49042 is 0 bytes after a block of size 2 alloc'd
==224==    at 0x483B7F3: malloc (in /usr/lib/x86_64-linux-gnu/valgrind/vgpreload_memcheck-amd64-linux.so)
==224==    by 0x109365: main (alfred.c:9)
==224== 
==224== 
==224== 4 errors in context 19 of 55:
==224== Invalid read of size 8
==224==    at 0x4842A97: memmove (in /usr/lib/x86_64-linux-gnu/valgrind/vgpreload_memcheck-amd64-linux.so)
==224==    by 0x109743: alfred_append (alfred_string.c:48)
==224==    by 0x109919: s_alfred_addchar (alfred_tokenize.c:76)
==224==    by 0x109A3B: alfred_parse (alfred_tokenize.c:106)
==224==    by 0x10941E: main (alfred.c:31)
==224==  Address 0x4a4eb48 is 15 bytes after a block of size 9 alloc'd
==224==    at 0x483B7F3: malloc (in /usr/lib/x86_64-linux-gnu/valgrind/vgpreload_memcheck-amd64-linux.so)
==224==    by 0x1096E4: alfred_append (alfred_string.c:44)
==224==    by 0x109919: s_alfred_addchar (alfred_tokenize.c:76)
==224==    by 0x109A3B: alfred_parse (alfred_tokenize.c:106)
==224==    by 0x10941E: main (alfred.c:31)
==224== 
==224== 
==224== 4 errors in context 20 of 55:
==224== Invalid read of size 8
==224==    at 0x4842A8F: memmove (in /usr/lib/x86_64-linux-gnu/valgrind/vgpreload_memcheck-amd64-linux.so)
==224==    by 0x109743: alfred_append (alfred_string.c:48)
==224==    by 0x109919: s_alfred_addchar (alfred_tokenize.c:76)
==224==    by 0x109A3B: alfred_parse (alfred_tokenize.c:106)
==224==    by 0x10941E: main (alfred.c:31)
==224==  Address 0x4a4eb40 is 7 bytes after a block of size 9 alloc'd
==224==    at 0x483B7F3: malloc (in /usr/lib/x86_64-linux-gnu/valgrind/vgpreload_memcheck-amd64-linux.so)
==224==    by 0x1096E4: alfred_append (alfred_string.c:44)
==224==    by 0x109919: s_alfred_addchar (alfred_tokenize.c:76)
==224==    by 0x109A3B: alfred_parse (alfred_tokenize.c:106)
==224==    by 0x10941E: main (alfred.c:31)
==224== 
==224== 
==224== 5 errors in context 21 of 55:
==224== Invalid read of size 8
==224==    at 0x4842AE4: memmove (in /usr/lib/x86_64-linux-gnu/valgrind/vgpreload_memcheck-amd64-linux.so)
==224==    by 0x109743: alfred_append (alfred_string.c:48)
==224==    by 0x109919: s_alfred_addchar (alfred_tokenize.c:76)
==224==    by 0x109A3B: alfred_parse (alfred_tokenize.c:106)
==224==    by 0x10941E: main (alfred.c:31)
==224==  Address 0x4a4d790 is 7 bytes after a block of size 9 alloc'd
==224==    at 0x483B7F3: malloc (in /usr/lib/x86_64-linux-gnu/valgrind/vgpreload_memcheck-amd64-linux.so)
==224==    by 0x1096E4: alfred_append (alfred_string.c:44)
==224==    by 0x109919: s_alfred_addchar (alfred_tokenize.c:76)
==224==    by 0x109A3B: alfred_parse (alfred_tokenize.c:106)
==224==    by 0x10941E: main (alfred.c:31)
==224== 
==224== 
==224== 6 errors in context 22 of 55:
==224== Conditional jump or move depends on uninitialised value(s)
==224==    at 0x483EC57: strcat (in /usr/lib/x86_64-linux-gnu/valgrind/vgpreload_memcheck-amd64-linux.so)
==224==    by 0x10970E: alfred_append (alfred_string.c:47)
==224==    by 0x109919: s_alfred_addchar (alfred_tokenize.c:76)
==224==    by 0x109AE1: alfred_parse (alfred_tokenize.c:147)
==224==    by 0x10941E: main (alfred.c:31)
==224==  Uninitialised value was created by a stack allocation
==224==    at 0x1096C5: alfred_append (alfred_string.c:43)
==224== 
==224== 
==224== 6 errors in context 23 of 55:
==224== Invalid read of size 2
==224==    at 0x4842B3F: memmove (in /usr/lib/x86_64-linux-gnu/valgrind/vgpreload_memcheck-amd64-linux.so)
==224==    by 0x109743: alfred_append (alfred_string.c:48)
==224==    by 0x109919: s_alfred_addchar (alfred_tokenize.c:76)
==224==    by 0x109A3B: alfred_parse (alfred_tokenize.c:106)
==224==    by 0x10941E: main (alfred.c:31)
==224==  Address 0x4a4d5fc is 3 bytes after a block of size 9 alloc'd
==224==    at 0x483B7F3: malloc (in /usr/lib/x86_64-linux-gnu/valgrind/vgpreload_memcheck-amd64-linux.so)
==224==    by 0x1096E4: alfred_append (alfred_string.c:44)
==224==    by 0x109919: s_alfred_addchar (alfred_tokenize.c:76)
==224==    by 0x109A3B: alfred_parse (alfred_tokenize.c:106)
==224==    by 0x10941E: main (alfred.c:31)
==224== 
==224== 
==224== 8 errors in context 24 of 55:
==224== Conditional jump or move depends on uninitialised value(s)
==224==    at 0x483EC57: strcat (in /usr/lib/x86_64-linux-gnu/valgrind/vgpreload_memcheck-amd64-linux.so)
==224==    by 0x10970E: alfred_append (alfred_string.c:47)
==224==    by 0x109919: s_alfred_addchar (alfred_tokenize.c:76)
==224==    by 0x109B4A: alfred_parse (alfred_tokenize.c:158)
==224==    by 0x10941E: main (alfred.c:31)
==224==  Uninitialised value was created by a stack allocation
==224==    at 0x1096C5: alfred_append (alfred_string.c:43)
==224== 
==224== 
==224== 8 errors in context 25 of 55:
==224== Conditional jump or move depends on uninitialised value(s)
==224==    at 0x483EC57: strcat (in /usr/lib/x86_64-linux-gnu/valgrind/vgpreload_memcheck-amd64-linux.so)
==224==    by 0x10970E: alfred_append (alfred_string.c:47)
==224==    by 0x109919: s_alfred_addchar (alfred_tokenize.c:76)
==224==    by 0x109BB0: alfred_parse (alfred_tokenize.c:167)
==224==    by 0x10941E: main (alfred.c:31)
==224==  Uninitialised value was created by a stack allocation
==224==    at 0x1096C5: alfred_append (alfred_string.c:43)
==224== 
==224== 
==224== 8 errors in context 26 of 55:
==224== Invalid read of size 8
==224==    at 0x4842AE4: memmove (in /usr/lib/x86_64-linux-gnu/valgrind/vgpreload_memcheck-amd64-linux.so)
==224==    by 0x109743: alfred_append (alfred_string.c:48)
==224==    by 0x109919: s_alfred_addchar (alfred_tokenize.c:76)
==224==    by 0x1099CF: alfred_parse (alfred_tokenize.c:97)
==224==    by 0x10941E: main (alfred.c:31)
==224==  Address 0x4a4dfb0 is 7 bytes after a block of size 9 alloc'd
==224==    at 0x483B7F3: malloc (in /usr/lib/x86_64-linux-gnu/valgrind/vgpreload_memcheck-amd64-linux.so)
==224==    by 0x1096E4: alfred_append (alfred_string.c:44)
==224==    by 0x109919: s_alfred_addchar (alfred_tokenize.c:76)
==224==    by 0x1099CF: alfred_parse (alfred_tokenize.c:97)
==224==    by 0x10941E: main (alfred.c:31)
==224== 
==224== 
==224== 10 errors in context 27 of 55:
==224== Conditional jump or move depends on uninitialised value(s)
==224==    at 0x483EC57: strcat (in /usr/lib/x86_64-linux-gnu/valgrind/vgpreload_memcheck-amd64-linux.so)
==224==    by 0x10970E: alfred_append (alfred_string.c:47)
==224==    by 0x109919: s_alfred_addchar (alfred_tokenize.c:76)
==224==    by 0x109A0E: alfred_parse (alfred_tokenize.c:102)
==224==    by 0x10941E: main (alfred.c:31)
==224==  Uninitialised value was created by a stack allocation
==224==    at 0x1096C5: alfred_append (alfred_string.c:43)
==224== 
==224== 
==224== 11 errors in context 28 of 55:
==224== Invalid read of size 2
==224==    at 0x4842B3F: memmove (in /usr/lib/x86_64-linux-gnu/valgrind/vgpreload_memcheck-amd64-linux.so)
==224==    by 0x109743: alfred_append (alfred_string.c:48)
==224==    by 0x109919: s_alfred_addchar (alfred_tokenize.c:76)
==224==    by 0x1099CF: alfred_parse (alfred_tokenize.c:97)
==224==    by 0x10941E: main (alfred.c:31)
==224==  Address 0x4a4d2dc is 3 bytes after a block of size 9 alloc'd
==224==    at 0x483B7F3: malloc (in /usr/lib/x86_64-linux-gnu/valgrind/vgpreload_memcheck-amd64-linux.so)
==224==    by 0x1096E4: alfred_append (alfred_string.c:44)
==224==    by 0x109919: s_alfred_addchar (alfred_tokenize.c:76)
==224==    by 0x1099CF: alfred_parse (alfred_tokenize.c:97)
==224==    by 0x10941E: main (alfred.c:31)
==224== 
==224== 
==224== 13 errors in context 29 of 55:
==224== Invalid write of size 1
==224==    at 0x483EC4C: strcat (in /usr/lib/x86_64-linux-gnu/valgrind/vgpreload_memcheck-amd64-linux.so)
==224==    by 0x10970E: alfred_append (alfred_string.c:47)
==224==    by 0x109919: s_alfred_addchar (alfred_tokenize.c:76)
==224==    by 0x109A3B: alfred_parse (alfred_tokenize.c:106)
==224==    by 0x10941E: main (alfred.c:31)
==224==  Address 0x4a4d6e9 is 0 bytes after a block of size 9 alloc'd
==224==    at 0x483B7F3: malloc (in /usr/lib/x86_64-linux-gnu/valgrind/vgpreload_memcheck-amd64-linux.so)
==224==    by 0x1096E4: alfred_append (alfred_string.c:44)
==224==    by 0x109919: s_alfred_addchar (alfred_tokenize.c:76)
==224==    by 0x109A3B: alfred_parse (alfred_tokenize.c:106)
==224==    by 0x10941E: main (alfred.c:31)
==224== 
==224== 
==224== 13 errors in context 30 of 55:
==224== Invalid write of size 1
==224==    at 0x483F0BE: strcpy (in /usr/lib/x86_64-linux-gnu/valgrind/vgpreload_memcheck-amd64-linux.so)
==224==    by 0x1096FB: alfred_append (alfred_string.c:46)
==224==    by 0x109919: s_alfred_addchar (alfred_tokenize.c:76)
==224==    by 0x109A3B: alfred_parse (alfred_tokenize.c:106)
==224==    by 0x10941E: main (alfred.c:31)
==224==  Address 0x4a4d6e9 is 0 bytes after a block of size 9 alloc'd
==224==    at 0x483B7F3: malloc (in /usr/lib/x86_64-linux-gnu/valgrind/vgpreload_memcheck-amd64-linux.so)
==224==    by 0x1096E4: alfred_append (alfred_string.c:44)
==224==    by 0x109919: s_alfred_addchar (alfred_tokenize.c:76)
==224==    by 0x109A3B: alfred_parse (alfred_tokenize.c:106)
==224==    by 0x10941E: main (alfred.c:31)
==224== 
==224== 
==224== 15 errors in context 31 of 55:
==224== Invalid write of size 1
==224==    at 0x483EC5E: strcat (in /usr/lib/x86_64-linux-gnu/valgrind/vgpreload_memcheck-amd64-linux.so)
==224==    by 0x10970E: alfred_append (alfred_string.c:47)
==224==    by 0x109919: s_alfred_addchar (alfred_tokenize.c:76)
==224==    by 0x109A3B: alfred_parse (alfred_tokenize.c:106)
==224==    by 0x10941E: main (alfred.c:31)
==224==  Address 0x4a4d699 is 0 bytes after a block of size 9 alloc'd
==224==    at 0x483B7F3: malloc (in /usr/lib/x86_64-linux-gnu/valgrind/vgpreload_memcheck-amd64-linux.so)
==224==    by 0x1096E4: alfred_append (alfred_string.c:44)
==224==    by 0x109919: s_alfred_addchar (alfred_tokenize.c:76)
==224==    by 0x109A3B: alfred_parse (alfred_tokenize.c:106)
==224==    by 0x10941E: main (alfred.c:31)
==224== 
==224== 
==224== 18 errors in context 32 of 55:
==224== Invalid read of size 8
==224==    at 0x4842A97: memmove (in /usr/lib/x86_64-linux-gnu/valgrind/vgpreload_memcheck-amd64-linux.so)
==224==    by 0x109743: alfred_append (alfred_string.c:48)
==224==    by 0x109919: s_alfred_addchar (alfred_tokenize.c:76)
==224==    by 0x1099CF: alfred_parse (alfred_tokenize.c:97)
==224==    by 0x10941E: main (alfred.c:31)
==224==  Address 0x4a4e0f8 is 15 bytes after a block of size 9 alloc'd
==224==    at 0x483B7F3: malloc (in /usr/lib/x86_64-linux-gnu/valgrind/vgpreload_memcheck-amd64-linux.so)
==224==    by 0x1096E4: alfred_append (alfred_string.c:44)
==224==    by 0x109919: s_alfred_addchar (alfred_tokenize.c:76)
==224==    by 0x1099CF: alfred_parse (alfred_tokenize.c:97)
==224==    by 0x10941E: main (alfred.c:31)
==224== 
==224== 
==224== 18 errors in context 33 of 55:
==224== Invalid read of size 8
==224==    at 0x4842A8F: memmove (in /usr/lib/x86_64-linux-gnu/valgrind/vgpreload_memcheck-amd64-linux.so)
==224==    by 0x109743: alfred_append (alfred_string.c:48)
==224==    by 0x109919: s_alfred_addchar (alfred_tokenize.c:76)
==224==    by 0x1099CF: alfred_parse (alfred_tokenize.c:97)
==224==    by 0x10941E: main (alfred.c:31)
==224==  Address 0x4a4e0f0 is 7 bytes after a block of size 9 alloc'd
==224==    at 0x483B7F3: malloc (in /usr/lib/x86_64-linux-gnu/valgrind/vgpreload_memcheck-amd64-linux.so)
==224==    by 0x1096E4: alfred_append (alfred_string.c:44)
==224==    by 0x109919: s_alfred_addchar (alfred_tokenize.c:76)
==224==    by 0x1099CF: alfred_parse (alfred_tokenize.c:97)
==224==    by 0x10941E: main (alfred.c:31)
==224== 
==224== 
==224== 20 errors in context 34 of 55:
==224== Invalid read of size 8
==224==    at 0x4842AD6: memmove (in /usr/lib/x86_64-linux-gnu/valgrind/vgpreload_memcheck-amd64-linux.so)
==224==    by 0x109743: alfred_append (alfred_string.c:48)
==224==    by 0x109919: s_alfred_addchar (alfred_tokenize.c:76)
==224==    by 0x1099CF: alfred_parse (alfred_tokenize.c:97)
==224==    by 0x10941E: main (alfred.c:31)
==224==  Address 0x4a4e240 is 23 bytes after a block of size 9 alloc'd
==224==    at 0x483B7F3: malloc (in /usr/lib/x86_64-linux-gnu/valgrind/vgpreload_memcheck-amd64-linux.so)
==224==    by 0x1096E4: alfred_append (alfred_string.c:44)
==224==    by 0x109919: s_alfred_addchar (alfred_tokenize.c:76)
==224==    by 0x1099CF: alfred_parse (alfred_tokenize.c:97)
==224==    by 0x10941E: main (alfred.c:31)
==224== 
==224== 
==224== 24 errors in context 35 of 55:
==224== Conditional jump or move depends on uninitialised value(s)
==224==    at 0x483EF58: strlen (in /usr/lib/x86_64-linux-gnu/valgrind/vgpreload_memcheck-amd64-linux.so)
==224==    by 0x48CFE94: __vfprintf_internal (vfprintf-internal.c:1688)
==224==    by 0x48B8EBE: printf (printf.c:33)
==224==    by 0x109C6A: alfred_parse (alfred_tokenize.c:192)
==224==    by 0x10941E: main (alfred.c:31)
==224== 
==224== 
==224== 24 errors in context 36 of 55:
==224== Conditional jump or move depends on uninitialised value(s)
==224==    at 0x483EF58: strlen (in /usr/lib/x86_64-linux-gnu/valgrind/vgpreload_memcheck-amd64-linux.so)
==224==    by 0x109586: alfred_length (alfred_string.c:6)
==224==    by 0x109C4E: alfred_parse (alfred_tokenize.c:191)
==224==    by 0x10941E: main (alfred.c:31)
==224== 
==224== 
==224== 25 errors in context 37 of 55:
==224== Invalid write of size 1
==224==    at 0x483EC4C: strcat (in /usr/lib/x86_64-linux-gnu/valgrind/vgpreload_memcheck-amd64-linux.so)
==224==    by 0x10970E: alfred_append (alfred_string.c:47)
==224==    by 0x109919: s_alfred_addchar (alfred_tokenize.c:76)
==224==    by 0x1099CF: alfred_parse (alfred_tokenize.c:97)
==224==    by 0x10941E: main (alfred.c:31)
==224==  Address 0x4a4df09 is 0 bytes after a block of size 9 alloc'd
==224==    at 0x483B7F3: malloc (in /usr/lib/x86_64-linux-gnu/valgrind/vgpreload_memcheck-amd64-linux.so)
==224==    by 0x1096E4: alfred_append (alfred_string.c:44)
==224==    by 0x109919: s_alfred_addchar (alfred_tokenize.c:76)
==224==    by 0x1099CF: alfred_parse (alfred_tokenize.c:97)
==224==    by 0x10941E: main (alfred.c:31)
==224== 
==224== 
==224== 25 errors in context 38 of 55:
==224== Invalid write of size 1
==224==    at 0x483F0BE: strcpy (in /usr/lib/x86_64-linux-gnu/valgrind/vgpreload_memcheck-amd64-linux.so)
==224==    by 0x1096FB: alfred_append (alfred_string.c:46)
==224==    by 0x109919: s_alfred_addchar (alfred_tokenize.c:76)
==224==    by 0x1099CF: alfred_parse (alfred_tokenize.c:97)
==224==    by 0x10941E: main (alfred.c:31)
==224==  Address 0x4a4df09 is 0 bytes after a block of size 9 alloc'd
==224==    at 0x483B7F3: malloc (in /usr/lib/x86_64-linux-gnu/valgrind/vgpreload_memcheck-amd64-linux.so)
==224==    by 0x1096E4: alfred_append (alfred_string.c:44)
==224==    by 0x109919: s_alfred_addchar (alfred_tokenize.c:76)
==224==    by 0x1099CF: alfred_parse (alfred_tokenize.c:97)
==224==    by 0x10941E: main (alfred.c:31)
==224== 
==224== 
==224== 30 errors in context 39 of 55:
==224== Invalid write of size 1
==224==    at 0x483EC5E: strcat (in /usr/lib/x86_64-linux-gnu/valgrind/vgpreload_memcheck-amd64-linux.so)
==224==    by 0x10970E: alfred_append (alfred_string.c:47)
==224==    by 0x109919: s_alfred_addchar (alfred_tokenize.c:76)
==224==    by 0x1099CF: alfred_parse (alfred_tokenize.c:97)
==224==    by 0x10941E: main (alfred.c:31)
==224==  Address 0x4a4d379 is 0 bytes after a block of size 9 alloc'd
==224==    at 0x483B7F3: malloc (in /usr/lib/x86_64-linux-gnu/valgrind/vgpreload_memcheck-amd64-linux.so)
==224==    by 0x1096E4: alfred_append (alfred_string.c:44)
==224==    by 0x109919: s_alfred_addchar (alfred_tokenize.c:76)
==224==    by 0x1099CF: alfred_parse (alfred_tokenize.c:97)
==224==    by 0x10941E: main (alfred.c:31)
==224== 
==224== 
==224== 30 errors in context 40 of 55:
==224== Invalid read of size 2
==224==    at 0x4842B30: memmove (in /usr/lib/x86_64-linux-gnu/valgrind/vgpreload_memcheck-amd64-linux.so)
==224==    by 0x109743: alfred_append (alfred_string.c:48)
==224==    by 0x109919: s_alfred_addchar (alfred_tokenize.c:76)
==224==    by 0x109A3B: alfred_parse (alfred_tokenize.c:106)
==224==    by 0x10941E: main (alfred.c:31)
==224==  Address 0x4a4d558 is 8 bytes inside a block of size 9 alloc'd
==224==    at 0x483B7F3: malloc (in /usr/lib/x86_64-linux-gnu/valgrind/vgpreload_memcheck-amd64-linux.so)
==224==    by 0x1096E4: alfred_append (alfred_string.c:44)
==224==    by 0x109919: s_alfred_addchar (alfred_tokenize.c:76)
==224==    by 0x109A3B: alfred_parse (alfred_tokenize.c:106)
==224==    by 0x10941E: main (alfred.c:31)
==224== 
==224== 
==224== 36 errors in context 41 of 55:
==224== Conditional jump or move depends on uninitialised value(s)
==224==    at 0x483EC57: strcat (in /usr/lib/x86_64-linux-gnu/valgrind/vgpreload_memcheck-amd64-linux.so)
==224==    by 0x10970E: alfred_append (alfred_string.c:47)
==224==    by 0x109919: s_alfred_addchar (alfred_tokenize.c:76)
==224==    by 0x109A3B: alfred_parse (alfred_tokenize.c:106)
==224==    by 0x10941E: main (alfred.c:31)
==224==  Uninitialised value was created by a stack allocation
==224==    at 0x1096C5: alfred_append (alfred_string.c:43)
==224== 
==224== 
==224== 45 errors in context 42 of 55:
==224== Conditional jump or move depends on uninitialised value(s)
==224==    at 0x483EC57: strcat (in /usr/lib/x86_64-linux-gnu/valgrind/vgpreload_memcheck-amd64-linux.so)
==224==    by 0x10970E: alfred_append (alfred_string.c:47)
==224==    by 0x109919: s_alfred_addchar (alfred_tokenize.c:76)
==224==    by 0x1099A2: alfred_parse (alfred_tokenize.c:93)
==224==    by 0x10941E: main (alfred.c:31)
==224==  Uninitialised value was created by a stack allocation
==224==    at 0x1096C5: alfred_append (alfred_string.c:43)
==224== 
==224== 
==224== 48 errors in context 43 of 55:
==224== Invalid write of size 1
==224==    at 0x483F0AC: strcpy (in /usr/lib/x86_64-linux-gnu/valgrind/vgpreload_memcheck-amd64-linux.so)
==224==    by 0x1096FB: alfred_append (alfred_string.c:46)
==224==    by 0x109919: s_alfred_addchar (alfred_tokenize.c:76)
==224==    by 0x109A3B: alfred_parse (alfred_tokenize.c:106)
==224==    by 0x10941E: main (alfred.c:31)
==224==  Address 0x4a4d739 is 0 bytes after a block of size 9 alloc'd
==224==    at 0x483B7F3: malloc (in /usr/lib/x86_64-linux-gnu/valgrind/vgpreload_memcheck-amd64-linux.so)
==224==    by 0x1096E4: alfred_append (alfred_string.c:44)
==224==    by 0x109919: s_alfred_addchar (alfred_tokenize.c:76)
==224==    by 0x109A3B: alfred_parse (alfred_tokenize.c:106)
==224==    by 0x10941E: main (alfred.c:31)
==224== 
==224== 
==224== 55 errors in context 44 of 55:
==224== Conditional jump or move depends on uninitialised value(s)
==224==    at 0x483F0B7: strcpy (in /usr/lib/x86_64-linux-gnu/valgrind/vgpreload_memcheck-amd64-linux.so)
==224==    by 0x1096FB: alfred_append (alfred_string.c:46)
==224==    by 0x109919: s_alfred_addchar (alfred_tokenize.c:76)
==224==    by 0x109A3B: alfred_parse (alfred_tokenize.c:106)
==224==    by 0x10941E: main (alfred.c:31)
==224== 
==224== 
==224== 61 errors in context 45 of 55:
==224== Invalid read of size 1
==224==    at 0x483EC34: strcat (in /usr/lib/x86_64-linux-gnu/valgrind/vgpreload_memcheck-amd64-linux.so)
==224==    by 0x10970E: alfred_append (alfred_string.c:47)
==224==    by 0x109919: s_alfred_addchar (alfred_tokenize.c:76)
==224==    by 0x109A3B: alfred_parse (alfred_tokenize.c:106)
==224==    by 0x10941E: main (alfred.c:31)
==224==  Address 0x4a4d6e9 is 0 bytes after a block of size 9 alloc'd
==224==    at 0x483B7F3: malloc (in /usr/lib/x86_64-linux-gnu/valgrind/vgpreload_memcheck-amd64-linux.so)
==224==    by 0x1096E4: alfred_append (alfred_string.c:44)
==224==    by 0x109919: s_alfred_addchar (alfred_tokenize.c:76)
==224==    by 0x109A3B: alfred_parse (alfred_tokenize.c:106)
==224==    by 0x10941E: main (alfred.c:31)
==224== 
==224== 
==224== 85 errors in context 46 of 55:
==224== Invalid read of size 2
==224==    at 0x4842B30: memmove (in /usr/lib/x86_64-linux-gnu/valgrind/vgpreload_memcheck-amd64-linux.so)
==224==    by 0x109743: alfred_append (alfred_string.c:48)
==224==    by 0x109919: s_alfred_addchar (alfred_tokenize.c:76)
==224==    by 0x1099CF: alfred_parse (alfred_tokenize.c:97)
==224==    by 0x10941E: main (alfred.c:31)
==224==  Address 0x4a4d0a8 is 8 bytes inside a block of size 9 alloc'd
==224==    at 0x483B7F3: malloc (in /usr/lib/x86_64-linux-gnu/valgrind/vgpreload_memcheck-amd64-linux.so)
==224==    by 0x1096E4: alfred_append (alfred_string.c:44)
==224==    by 0x109919: s_alfred_addchar (alfred_tokenize.c:76)
==224==    by 0x1099CF: alfred_parse (alfred_tokenize.c:97)
==224==    by 0x10941E: main (alfred.c:31)
==224== 
==224== 
==224== 101 errors in context 47 of 55:
==224== Conditional jump or move depends on uninitialised value(s)
==224==    at 0x483EC57: strcat (in /usr/lib/x86_64-linux-gnu/valgrind/vgpreload_memcheck-amd64-linux.so)
==224==    by 0x10970E: alfred_append (alfred_string.c:47)
==224==    by 0x109919: s_alfred_addchar (alfred_tokenize.c:76)
==224==    by 0x109A72: alfred_parse (alfred_tokenize.c:133)
==224==    by 0x10941E: main (alfred.c:31)
==224==  Uninitialised value was created by a stack allocation
==224==    at 0x1096C5: alfred_append (alfred_string.c:43)
==224== 
==224== 
==224== 142 errors in context 48 of 55:
==224== Conditional jump or move depends on uninitialised value(s)
==224==    at 0x483F0B7: strcpy (in /usr/lib/x86_64-linux-gnu/valgrind/vgpreload_memcheck-amd64-linux.so)
==224==    by 0x1096FB: alfred_append (alfred_string.c:46)
==224==    by 0x109919: s_alfred_addchar (alfred_tokenize.c:76)
==224==    by 0x1099CF: alfred_parse (alfred_tokenize.c:97)
==224==    by 0x10941E: main (alfred.c:31)
==224== 
==224== 
==224== 151 errors in context 49 of 55:
==224== Conditional jump or move depends on uninitialised value(s)
==224==    at 0x483EC57: strcat (in /usr/lib/x86_64-linux-gnu/valgrind/vgpreload_memcheck-amd64-linux.so)
==224==    by 0x10970E: alfred_append (alfred_string.c:47)
==224==    by 0x109919: s_alfred_addchar (alfred_tokenize.c:76)
==224==    by 0x1099CF: alfred_parse (alfred_tokenize.c:97)
==224==    by 0x10941E: main (alfred.c:31)
==224==  Uninitialised value was created by a stack allocation
==224==    at 0x1096C5: alfred_append (alfred_string.c:43)
==224== 
==224== 
==224== 197 errors in context 50 of 55:
==224== Conditional jump or move depends on uninitialised value(s)
==224==    at 0x483EF58: strlen (in /usr/lib/x86_64-linux-gnu/valgrind/vgpreload_memcheck-amd64-linux.so)
==224==    by 0x109586: alfred_length (alfred_string.c:6)
==224==    by 0x109728: alfred_append (alfred_string.c:49)
==224==    by 0x109919: s_alfred_addchar (alfred_tokenize.c:76)
==224==    by 0x109A3B: alfred_parse (alfred_tokenize.c:106)
==224==    by 0x10941E: main (alfred.c:31)
==224== 
==224== 
==224== 253 errors in context 51 of 55:
==224== Invalid write of size 1
==224==    at 0x483F0AC: strcpy (in /usr/lib/x86_64-linux-gnu/valgrind/vgpreload_memcheck-amd64-linux.so)
==224==    by 0x1096FB: alfred_append (alfred_string.c:46)
==224==    by 0x109919: s_alfred_addchar (alfred_tokenize.c:76)
==224==    by 0x1099CF: alfred_parse (alfred_tokenize.c:97)
==224==    by 0x10941E: main (alfred.c:31)
==224==  Address 0x4a4df59 is 0 bytes after a block of size 9 alloc'd
==224==    at 0x483B7F3: malloc (in /usr/lib/x86_64-linux-gnu/valgrind/vgpreload_memcheck-amd64-linux.so)
==224==    by 0x1096E4: alfred_append (alfred_string.c:44)
==224==    by 0x109919: s_alfred_addchar (alfred_tokenize.c:76)
==224==    by 0x1099CF: alfred_parse (alfred_tokenize.c:97)
==224==    by 0x10941E: main (alfred.c:31)
==224== 
==224== 
==224== 259 errors in context 52 of 55:
==224== Conditional jump or move depends on uninitialised value(s)
==224==    at 0x483EF58: strlen (in /usr/lib/x86_64-linux-gnu/valgrind/vgpreload_memcheck-amd64-linux.so)
==224==    by 0x109586: alfred_length (alfred_string.c:6)
==224==    by 0x109CAC: alfred_parse (alfred_tokenize.c:88)
==224==    by 0x10941E: main (alfred.c:31)
==224==  Uninitialised value was created by a heap allocation
==224==    at 0x483B7F3: malloc (in /usr/lib/x86_64-linux-gnu/valgrind/vgpreload_memcheck-amd64-linux.so)
==224==    by 0x10950B: alfred_read (alfred_stream.c:36)
==224==    by 0x1093F6: main (alfred.c:27)
==224== 
==224== 
==224== 278 errors in context 53 of 55:
==224== Invalid read of size 1
==224==    at 0x483EC34: strcat (in /usr/lib/x86_64-linux-gnu/valgrind/vgpreload_memcheck-amd64-linux.so)
==224==    by 0x10970E: alfred_append (alfred_string.c:47)
==224==    by 0x109919: s_alfred_addchar (alfred_tokenize.c:76)
==224==    by 0x1099CF: alfred_parse (alfred_tokenize.c:97)
==224==    by 0x10941E: main (alfred.c:31)
==224==  Address 0x4a4df09 is 0 bytes after a block of size 9 alloc'd
==224==    at 0x483B7F3: malloc (in /usr/lib/x86_64-linux-gnu/valgrind/vgpreload_memcheck-amd64-linux.so)
==224==    by 0x1096E4: alfred_append (alfred_string.c:44)
==224==    by 0x109919: s_alfred_addchar (alfred_tokenize.c:76)
==224==    by 0x1099CF: alfred_parse (alfred_tokenize.c:97)
==224==    by 0x10941E: main (alfred.c:31)
==224== 
==224== 
==224== 384 errors in context 54 of 55:
==224== Invalid read of size 1
==224==    at 0x483EF54: strlen (in /usr/lib/x86_64-linux-gnu/valgrind/vgpreload_memcheck-amd64-linux.so)
==224==    by 0x109586: alfred_length (alfred_string.c:6)
==224==    by 0x10971A: alfred_append (alfred_string.c:49)
==224==    by 0x109919: s_alfred_addchar (alfred_tokenize.c:76)
==224==    by 0x1099CF: alfred_parse (alfred_tokenize.c:97)
==224==    by 0x10941E: main (alfred.c:31)
==224==  Address 0x4a4d379 is 0 bytes after a block of size 9 alloc'd
==224==    at 0x483B7F3: malloc (in /usr/lib/x86_64-linux-gnu/valgrind/vgpreload_memcheck-amd64-linux.so)
==224==    by 0x1096E4: alfred_append (alfred_string.c:44)
==224==    by 0x109919: s_alfred_addchar (alfred_tokenize.c:76)
==224==    by 0x1099CF: alfred_parse (alfred_tokenize.c:97)
==224==    by 0x10941E: main (alfred.c:31)
==224== 
==224== ERROR SUMMARY: 2443 errors from 55 contexts (suppressed: 0 from 0)
