MPASM  4.00 Released                                 LAB4.ASM   3-30-2021  14:13:21         PAGE  1


LOC  OBJECT CODE     LINE SOURCE TEXT
  VALUE

Warning[205]: Found directive in column 1. (LIST)
                      00001 LIST P=16F628A
Warning[205]: Found directive in column 1. (INCLUDE)
                      00002 INCLUDE "P16F628A.INC"
                      00001         LIST
                      00002 ; P16F628A.INC  Standard Header File, Version 1.10    Microchip Technology, Inc.
                      00265         LIST
                      00266 
                      00003 
  00000006            00004 PORT    equ 0x06
  00000086            00005 TRISB   equ     0X86
  00000003            00006 STATUS  equ     0X03
                      00007 
Warning[203]: Found opcode in column 1. (clrf)
0000   0186           00008 clrf    PORTB       ; clear PORTB
Warning[203]: Found opcode in column 1. (bsf)
0001   1683           00009 bsf             STATUS, 5   ; set the 5th bit 1
Warning[203]: Found opcode in column 1. (bcf)
0002   1303           00010 bcf             STATUS, 6   ; set the 6th bit 0, pass to BANK1
Warning[203]: Found opcode in column 1. (clrf)
Message[302]: Register in operand not in bank 0.  Ensure that bank bits are correct.
0003   0186           00011 clrf    TRISB       ; clear TRISB
Warning[203]: Found opcode in column 1. (bcf)
0004   1283           00012 bcf             STATUS, 5   ; set the 5th bit 0
Warning[203]: Found opcode in column 1. (bcf)
0005   1303           00013 bcf             STATUS, 6   ; set the 6th bit 0, pass to BANK0
Warning[203]: Found opcode in column 1. (bsf)
0006   1406           00014 bsf             PORTB, 0    ; set the 0th bit 1
                      00015 
Warning[205]: Found directive in column 1. (end)
                      00016 end
MPASM  4.00 Released                                 LAB4.ASM   3-30-2021  14:13:21         PAGE  2


SYMBOL TABLE
  LABEL                             VALUE 

ADEN                              00000003
BRGH                              00000002
C                                 00000000
C1INV                             00000004
C1OUT                             00000006
C2INV                             00000005
C2OUT                             00000007
CCP1CON                           00000017
CCP1IE                            00000002
CCP1IF                            00000002
CCP1M0                            00000000
CCP1M1                            00000001
CCP1M2                            00000002
CCP1M3                            00000003
CCP1X                             00000005
CCP1Y                             00000004
CCPR1H                            00000016
CCPR1L                            00000015
CIS                               00000003
CM0                               00000000
CM1                               00000001
CM2                               00000002
CMCON                             0000001F
CMIE                              00000006
CMIF                              00000006
CREN                              00000004
CSRC                              00000007
DC                                00000001
EEADR                             0000009B
EECON1                            0000009C
EECON2                            0000009D
EEDATA                            0000009A
EEIE                              00000007
EEIF                              00000007
F                                 00000001
FERR                              00000002
FSR                               00000004
GIE                               00000007
INDF                              00000000
INTCON                            0000000B
INTE                              00000004
INTEDG                            00000006
INTF                              00000001
IRP                               00000007
NOT_BO                            00000000
NOT_BOD                           00000000
NOT_BOR                           00000000
NOT_PD                            00000003
NOT_POR                           00000001
NOT_RBPU                          00000007
NOT_T1SYNC                        00000002
NOT_TO                            00000004
OERR                              00000001
MPASM  4.00 Released                                 LAB4.ASM   3-30-2021  14:13:21         PAGE  3


SYMBOL TABLE
  LABEL                             VALUE 

OPTION_REG                        00000081
OSCF                              00000003
PCL                               00000002
PCLATH                            0000000A
PCON                              0000008E
PEIE                              00000006
PIE1                              0000008C
PIR1                              0000000C
PORT                              00000006
PORTA                             00000005
PORTB                             00000006
PR2                               00000092
PS0                               00000000
PS1                               00000001
PS2                               00000002
PSA                               00000003
RBIE                              00000003
RBIF                              00000000
RCIE                              00000005
RCIF                              00000005
RCREG                             0000001A
RCSTA                             00000018
RD                                00000000
RP0                               00000005
RP1                               00000006
RX9                               00000006
RX9D                              00000000
SPBRG                             00000099
SPEN                              00000007
SREN                              00000005
STATUS                            00000003
SYNC                              00000004
T0CS                              00000005
T0IE                              00000005
T0IF                              00000002
T0SE                              00000004
T1CKPS0                           00000004
T1CKPS1                           00000005
T1CON                             00000010
T1OSCEN                           00000003
T2CKPS0                           00000000
T2CKPS1                           00000001
T2CON                             00000012
TMR0                              00000001
TMR1CS                            00000001
TMR1H                             0000000F
TMR1IE                            00000000
TMR1IF                            00000000
TMR1L                             0000000E
TMR1ON                            00000000
TMR2                              00000011
TMR2IE                            00000001
TMR2IF                            00000001
MPASM  4.00 Released                                 LAB4.ASM   3-30-2021  14:13:21         PAGE  4


SYMBOL TABLE
  LABEL                             VALUE 

TMR2ON                            00000002
TOUTPS0                           00000003
TOUTPS1                           00000004
TOUTPS2                           00000005
TOUTPS3                           00000006
TRISA                             00000085
TRISB                             00000086
TRMT                              00000001
TX9                               00000006
TX9D                              00000000
TXEN                              00000005
TXIE                              00000004
TXIF                              00000004
TXREG                             00000019
TXSTA                             00000098
VR0                               00000000
VR1                               00000001
VR2                               00000002
VR3                               00000003
VRCON                             0000009F
VREN                              00000007
VROE                              00000006
VRR                               00000005
W                                 00000000
WR                                00000001
WREN                              00000002
WRERR                             00000003
Z                                 00000002
_BODEN_OFF                        00003FBF
_BODEN_ON                         00003FFF
_BOREN_OFF                        00003FBF
_BOREN_ON                         00003FFF
_CP_OFF                           00003FFF
_CP_ON                            00001FFF
_DATA_CP_OFF                      00003FFF
_DATA_CP_ON                       00003EFF
_ER_OSC_CLKOUT                    00003FFF
_ER_OSC_NOCLKOUT                  00003FFE
_EXTCLK_OSC                       00003FEF
_HS_OSC                           00003FEE
_INTOSC_OSC_CLKOUT                00003FFD
_INTOSC_OSC_NOCLKOUT              00003FFC
_INTRC_OSC_CLKOUT                 00003FFD
_INTRC_OSC_NOCLKOUT               00003FFC
_LP_OSC                           00003FEC
_LVP_OFF                          00003F7F
_LVP_ON                           00003FFF
_MCLRE_OFF                        00003FDF
_MCLRE_ON                         00003FFF
_PWRTE_OFF                        00003FFF
_PWRTE_ON                         00003FF7
_RC_OSC_CLKOUT                    00003FFF
_RC_OSC_NOCLKOUT                  00003FFE
MPASM  4.00 Released                                 LAB4.ASM   3-30-2021  14:13:21         PAGE  5


SYMBOL TABLE
  LABEL                             VALUE 

_WDT_OFF                          00003FFB
_WDT_ON                           00003FFF
_XT_OSC                           00003FED
__16F628A                         00000001


MEMORY USAGE MAP ('X' = Used,  '-' = Unused)

0000 : XXXXXXX--------- ---------------- ---------------- ----------------

All other memory blocks unused.

Program Memory Words Used:     7
Program Memory Words Free:  2041


Errors   :     0
Warnings :    10 reported,     0 suppressed
Messages :     1 reported,     0 suppressed

