MPASM  4.00 Released                                 LAB2.ASM   3-30-2021  13:40:58         PAGE  1


LOC  OBJECT CODE     LINE SOURCE TEXT
  VALUE

Warning[203]: Found opcode in column 1. (CLRF)
0000   0186           00001 CLRF h'06'   ;PORTB'nin içeriğini sıfırla
BSF h'03', 5 ;RP0=1 BANK1'e geç
BCF h'03', 6 ;RP1=0 BANK1
                            'e geç
CLRF h'86'   ;PORTB'nin tüm uçlarını çıkış yap
BCF h'03', 5 ;RP0=0 BANK0'a geç

Error[129]  : Expected (END)
MPASM  4.00 Released                                 LAB2.ASM   3-30-2021  13:40:58         PAGE  2


SYMBOL TABLE
  LABEL                             VALUE 

__16F877A                         00000001


MEMORY USAGE MAP ('X' = Used,  '-' = Unused)

0000 : X--------------- ---------------- ---------------- ----------------

All other memory blocks unused.

Program Memory Words Used:     1
Program Memory Words Free:  8191


Errors   :     1
Warnings :     1 reported,     0 suppressed
Messages :     0 reported,     0 suppressed

