MPASM  4.00 Released                                 LAB3.ASM   3-30-2021  13:39:18         PAGE  1


LOC  OBJECT CODE     LINE SOURCE TEXT
  VALUE

                      00001 ;=========== lab3.asm ============
LIST P=16F877A
INCLUDE       "P16F877A.INC"

ORG     0x000
CLRF      
                            PORTB   ; clear PORTB (BANK0)
BANKSEL TRISB     ; BANK0 -> BANK1
CLRF   TRISB   ; clear TRISB (B
Error[129]  : Expected (END)
MPASM  4.00 Released                                 LAB3.ASM   3-30-2021  13:39:18         PAGE  2


SYMBOL TABLE
  LABEL                             VALUE 

__16F877A                         00000001


MEMORY USAGE MAP ('X' = Used,  '-' = Unused)


All other memory blocks unused.

Program Memory Words Used:     0
Program Memory Words Free:  8192


Errors   :     1
Warnings :     0 reported,     0 suppressed
Messages :     0 reported,     0 suppressed

